Analysis & Synthesis report for _OV7620
Mon Mar 03 08:01:04 2014
Quartus II Version 11.0 Build 208 07/03/2011 Service Pack 1 SJ Full Version


---------------------
; Table of Contents ;
---------------------
  1. Legal Notice
  2. Analysis & Synthesis Summary
  3. Analysis & Synthesis Settings
  4. Parallel Compilation
  5. Analysis & Synthesis Source Files Read
  6. Analysis & Synthesis Resource Usage Summary
  7. Analysis & Synthesis Resource Utilization by Entity
  8. Analysis & Synthesis IP Cores Summary
  9. State Machine - |_OV7620_sram_test_fangxin|sram_test_fangxin:inst1|cstate
 10. Registers Removed During Synthesis
 11. General Register Statistics
 12. Inverted Register Statistics
 13. Multiplexer Restructuring Statistics (Restructuring Performed)
 14. Parameter Settings for User Entity Instance: sram_test_fangxin:inst1
 15. Parameter Settings for User Entity Instance: PLL:inst|altpll:altpll_component
 16. altpll Parameter Settings by Entity Instance
 17. Elapsed Time Per Partition
 18. Analysis & Synthesis Messages
 19. Analysis & Synthesis Suppressed Messages



----------------
; Legal Notice ;
----------------
Copyright (C) 1991-2011 Altera Corporation
Your use of Altera Corporation's design tools, logic functions 
and other software and tools, and its AMPP partner logic 
functions, and any output files from any of the foregoing 
(including device programming or simulation files), and any 
associated documentation or information are expressly subject 
to the terms and conditions of the Altera Program License 
Subscription Agreement, Altera MegaCore Function License 
Agreement, or other applicable license agreement, including, 
without limitation, that your use is for the sole purpose of 
programming logic devices manufactured by Altera and sold by 
Altera or its authorized distributors.  Please refer to the 
applicable agreement for further details.



+-------------------------------------------------------------------------------------+
; Analysis & Synthesis Summary                                                        ;
+------------------------------------+------------------------------------------------+
; Analysis & Synthesis Status        ; Successful - Mon Mar 03 08:01:04 2014          ;
; Quartus II Version                 ; 11.0 Build 208 07/03/2011 SP 1 SJ Full Version ;
; Revision Name                      ; _OV7620                                        ;
; Top-level Entity Name              ; _OV7620_sram_test_fangxin                      ;
; Family                             ; Cyclone IV E                                   ;
; Total logic elements               ; 290                                            ;
;     Total combinational functions  ; 274                                            ;
;     Dedicated logic registers      ; 115                                            ;
; Total registers                    ; 115                                            ;
; Total pins                         ; 46                                             ;
; Total virtual pins                 ; 0                                              ;
; Total memory bits                  ; 0                                              ;
; Embedded Multiplier 9-bit elements ; 0                                              ;
; Total PLLs                         ; 1                                              ;
+------------------------------------+------------------------------------------------+


+-----------------------------------------------------------------------------------------------------------------------------+
; Analysis & Synthesis Settings                                                                                               ;
+----------------------------------------------------------------------------+---------------------------+--------------------+
; Option                                                                     ; Setting                   ; Default Value      ;
+----------------------------------------------------------------------------+---------------------------+--------------------+
; Device                                                                     ; EP4CE15F17C8              ;                    ;
; Top-level entity name                                                      ; _OV7620_sram_test_fangxin ; _OV7620            ;
; Family name                                                                ; Cyclone IV E              ; Cyclone IV GX      ;
; Use smart compilation                                                      ; Off                       ; Off                ;
; Enable parallel Assembler and TimeQuest Timing Analyzer during compilation ; On                        ; On                 ;
; Enable compact report table                                                ; Off                       ; Off                ;
; Restructure Multiplexers                                                   ; Auto                      ; Auto               ;
; Create Debugging Nodes for IP Cores                                        ; Off                       ; Off                ;
; Preserve fewer node names                                                  ; On                        ; On                 ;
; Disable OpenCore Plus hardware evaluation                                  ; Off                       ; Off                ;
; Verilog Version                                                            ; Verilog_2001              ; Verilog_2001       ;
; VHDL Version                                                               ; VHDL_1993                 ; VHDL_1993          ;
; State Machine Processing                                                   ; Auto                      ; Auto               ;
; Safe State Machine                                                         ; Off                       ; Off                ;
; Extract Verilog State Machines                                             ; On                        ; On                 ;
; Extract VHDL State Machines                                                ; On                        ; On                 ;
; Ignore Verilog initial constructs                                          ; Off                       ; Off                ;
; Iteration limit for constant Verilog loops                                 ; 5000                      ; 5000               ;
; Iteration limit for non-constant Verilog loops                             ; 250                       ; 250                ;
; Add Pass-Through Logic to Inferred RAMs                                    ; On                        ; On                 ;
; Parallel Synthesis                                                         ; On                        ; On                 ;
; DSP Block Balancing                                                        ; Auto                      ; Auto               ;
; NOT Gate Push-Back                                                         ; On                        ; On                 ;
; Power-Up Don't Care                                                        ; On                        ; On                 ;
; Remove Redundant Logic Cells                                               ; Off                       ; Off                ;
; Remove Duplicate Registers                                                 ; On                        ; On                 ;
; Ignore CARRY Buffers                                                       ; Off                       ; Off                ;
; Ignore CASCADE Buffers                                                     ; Off                       ; Off                ;
; Ignore GLOBAL Buffers                                                      ; Off                       ; Off                ;
; Ignore ROW GLOBAL Buffers                                                  ; Off                       ; Off                ;
; Ignore LCELL Buffers                                                       ; Off                       ; Off                ;
; Ignore SOFT Buffers                                                        ; On                        ; On                 ;
; Limit AHDL Integers to 32 Bits                                             ; Off                       ; Off                ;
; Optimization Technique                                                     ; Balanced                  ; Balanced           ;
; Carry Chain Length                                                         ; 70                        ; 70                 ;
; Auto Carry Chains                                                          ; On                        ; On                 ;
; Auto Open-Drain Pins                                                       ; On                        ; On                 ;
; Perform WYSIWYG Primitive Resynthesis                                      ; Off                       ; Off                ;
; Auto ROM Replacement                                                       ; On                        ; On                 ;
; Auto RAM Replacement                                                       ; On                        ; On                 ;
; Auto DSP Block Replacement                                                 ; On                        ; On                 ;
; Auto Shift Register Replacement                                            ; Auto                      ; Auto               ;
; Allow Shift Register Merging across Hierarchies                            ; Auto                      ; Auto               ;
; Auto Clock Enable Replacement                                              ; On                        ; On                 ;
; Strict RAM Replacement                                                     ; Off                       ; Off                ;
; Allow Synchronous Control Signals                                          ; On                        ; On                 ;
; Force Use of Synchronous Clear Signals                                     ; Off                       ; Off                ;
; Auto RAM Block Balancing                                                   ; On                        ; On                 ;
; Auto RAM to Logic Cell Conversion                                          ; Off                       ; Off                ;
; Auto Resource Sharing                                                      ; Off                       ; Off                ;
; Allow Any RAM Size For Recognition                                         ; Off                       ; Off                ;
; Allow Any ROM Size For Recognition                                         ; Off                       ; Off                ;
; Allow Any Shift Register Size For Recognition                              ; Off                       ; Off                ;
; Use LogicLock Constraints during Resource Balancing                        ; On                        ; On                 ;
; Ignore translate_off and synthesis_off directives                          ; Off                       ; Off                ;
; Timing-Driven Synthesis                                                    ; On                        ; On                 ;
; Report Parameter Settings                                                  ; On                        ; On                 ;
; Report Source Assignments                                                  ; On                        ; On                 ;
; Report Connectivity Checks                                                 ; On                        ; On                 ;
; Ignore Maximum Fan-Out Assignments                                         ; Off                       ; Off                ;
; Synchronization Register Chain Length                                      ; 2                         ; 2                  ;
; PowerPlay Power Optimization                                               ; Normal compilation        ; Normal compilation ;
; HDL message level                                                          ; Level2                    ; Level2             ;
; Suppress Register Optimization Related Messages                            ; Off                       ; Off                ;
; Number of Removed Registers Reported in Synthesis Report                   ; 5000                      ; 5000               ;
; Number of Inverted Registers Reported in Synthesis Report                  ; 100                       ; 100                ;
; Clock MUX Protection                                                       ; On                        ; On                 ;
; Auto Gated Clock Conversion                                                ; Off                       ; Off                ;
; Block Design Naming                                                        ; Auto                      ; Auto               ;
; SDC constraint protection                                                  ; Off                       ; Off                ;
; Synthesis Effort                                                           ; Auto                      ; Auto               ;
; Shift Register Replacement - Allow Asynchronous Clear Signal               ; On                        ; On                 ;
; Analysis & Synthesis Message Level                                         ; Medium                    ; Medium             ;
; Disable Register Merging Across Hierarchies                                ; Auto                      ; Auto               ;
; Resource Aware Inference For Block RAM                                     ; On                        ; On                 ;
; Synthesis Seed                                                             ; 1                         ; 1                  ;
+----------------------------------------------------------------------------+---------------------------+--------------------+


+------------------------------------------+
; Parallel Compilation                     ;
+----------------------------+-------------+
; Processors                 ; Number      ;
+----------------------------+-------------+
; Number detected on machine ; 2           ;
; Maximum allowed            ; 2           ;
;                            ;             ;
; Average used               ; 1.00        ;
; Maximum used               ; 1           ;
;                            ;             ;
; Usage by Processor         ; % Time Used ;
;     1 processor            ; 100.0%      ;
;     2 processors           ;   0.0%      ;
+----------------------------+-------------+


+------------------------------------------------------------------------------------------------------------------------------------------------------------+
; Analysis & Synthesis Source Files Read                                                                                                                     ;
+----------------------------------+-----------------+------------------------------------+------------------------------------------------------------------+
; File Name with User-Entered Path ; Used in Netlist ; File Type                          ; File Name with Absolute Path                                     ;
+----------------------------------+-----------------+------------------------------------+------------------------------------------------------------------+
; PLL.v                            ; yes             ; User Wizard-Generated File         ; G:/FPGA/FPGA_OV7620_gailiangban/PLL.v                            ;
; sram_test_fangxin.v              ; yes             ; User Verilog HDL File              ; G:/FPGA/FPGA_OV7620_gailiangban/sram_test_fangxin.v              ;
; _OV7620_sram_test_fangxin.bdf    ; yes             ; User Block Diagram/Schematic File  ; G:/FPGA/FPGA_OV7620_gailiangban/_OV7620_sram_test_fangxin.bdf    ;
; altpll.tdf                       ; yes             ; Megafunction                       ; e:/altera/11.0/quartus/libraries/megafunctions/altpll.tdf        ;
; aglobal110.inc                   ; yes             ; Megafunction                       ; e:/altera/11.0/quartus/libraries/megafunctions/aglobal110.inc    ;
; stratix_pll.inc                  ; yes             ; Megafunction                       ; e:/altera/11.0/quartus/libraries/megafunctions/stratix_pll.inc   ;
; stratixii_pll.inc                ; yes             ; Megafunction                       ; e:/altera/11.0/quartus/libraries/megafunctions/stratixii_pll.inc ;
; cycloneii_pll.inc                ; yes             ; Megafunction                       ; e:/altera/11.0/quartus/libraries/megafunctions/cycloneii_pll.inc ;
; db/pll_altpll.v                  ; yes             ; Auto-Generated Megafunction        ; G:/FPGA/FPGA_OV7620_gailiangban/db/pll_altpll.v                  ;
+----------------------------------+-----------------+------------------------------------+------------------------------------------------------------------+


+-----------------------------------------------------------+
; Analysis & Synthesis Resource Usage Summary               ;
+---------------------------------------------+-------------+
; Resource                                    ; Usage       ;
+---------------------------------------------+-------------+
; Estimated Total logic elements              ; 290         ;
;                                             ;             ;
; Total combinational functions               ; 274         ;
; Logic element usage by number of LUT inputs ;             ;
;     -- 4 input functions                    ; 62          ;
;     -- 3 input functions                    ; 62          ;
;     -- <=2 input functions                  ; 150         ;
;                                             ;             ;
; Logic elements by mode                      ;             ;
;     -- normal mode                          ; 137         ;
;     -- arithmetic mode                      ; 137         ;
;                                             ;             ;
; Total registers                             ; 115         ;
;     -- Dedicated logic registers            ; 115         ;
;     -- I/O registers                        ; 0           ;
;                                             ;             ;
; I/O pins                                    ; 46          ;
; Total PLLs                                  ; 1           ;
;     -- PLLs                                 ; 1           ;
;                                             ;             ;
; Maximum fan-out node                        ; RESET~input ;
; Maximum fan-out                             ; 115         ;
; Total fan-out                               ; 1246        ;
; Average fan-out                             ; 2.54        ;
+---------------------------------------------+-------------+


+---------------------------------------------------------------------------------------------------------------------------------------------------------------------------------------------------------------------------------------------------------+
; Analysis & Synthesis Resource Utilization by Entity                                                                                                                                                                                                     ;
+--------------------------------------+-------------------+--------------+-------------+--------------+---------+-----------+------+--------------+---------------------------------------------------------------------------------------+--------------+
; Compilation Hierarchy Node           ; LC Combinationals ; LC Registers ; Memory Bits ; DSP Elements ; DSP 9x9 ; DSP 18x18 ; Pins ; Virtual Pins ; Full Hierarchy Name                                                                   ; Library Name ;
+--------------------------------------+-------------------+--------------+-------------+--------------+---------+-----------+------+--------------+---------------------------------------------------------------------------------------+--------------+
; |_OV7620_sram_test_fangxin           ; 274 (1)           ; 115 (0)      ; 0           ; 0            ; 0       ; 0         ; 46   ; 0            ; |_OV7620_sram_test_fangxin                                                            ;              ;
;    |PLL:inst|                        ; 0 (0)             ; 0 (0)        ; 0           ; 0            ; 0       ; 0         ; 0    ; 0            ; |_OV7620_sram_test_fangxin|PLL:inst                                                   ;              ;
;       |altpll:altpll_component|      ; 0 (0)             ; 0 (0)        ; 0           ; 0            ; 0       ; 0         ; 0    ; 0            ; |_OV7620_sram_test_fangxin|PLL:inst|altpll:altpll_component                           ;              ;
;          |PLL_altpll:auto_generated| ; 0 (0)             ; 0 (0)        ; 0           ; 0            ; 0       ; 0         ; 0    ; 0            ; |_OV7620_sram_test_fangxin|PLL:inst|altpll:altpll_component|PLL_altpll:auto_generated ;              ;
;    |sram_test_fangxin:inst1|         ; 273 (273)         ; 115 (115)    ; 0           ; 0            ; 0       ; 0         ; 0    ; 0            ; |_OV7620_sram_test_fangxin|sram_test_fangxin:inst1                                    ;              ;
+--------------------------------------+-------------------+--------------+-------------+--------------+---------+-----------+------+--------------+---------------------------------------------------------------------------------------+--------------+
Note: For table entries with two numbers listed, the numbers in parentheses indicate the number of resources of the given type used by the specific entity alone. The numbers listed outside of parentheses indicate the total resources of the given type used by the specific entity and all of its sub-entities in the hierarchy.


+---------------------------------------------------------------------------------------------------------------------------------------------+
; Analysis & Synthesis IP Cores Summary                                                                                                       ;
+--------+--------------+---------+--------------+--------------+-------------------------------------+---------------------------------------+
; Vendor ; IP Core Name ; Version ; Release Date ; License Type ; Entity Instance                     ; IP Include File                       ;
+--------+--------------+---------+--------------+--------------+-------------------------------------+---------------------------------------+
; Altera ; ALTPLL       ; 11.0    ; N/A          ; N/A          ; |_OV7620_sram_test_fangxin|PLL:inst ; G:/FPGA/FPGA_OV7620_gailiangban/PLL.v ;
+--------+--------------+---------+--------------+--------------+-------------------------------------+---------------------------------------+


Encoding Type:  One-Hot
+-----------------------------------------------------------------------------------+
; State Machine - |_OV7620_sram_test_fangxin|sram_test_fangxin:inst1|cstate         ;
+-------------+-------------+-------------+-------------+-------------+-------------+
; Name        ; cstate.REA0 ; cstate.WRT1 ; cstate.WRT0 ; cstate.IDLE ; cstate.REA1 ;
+-------------+-------------+-------------+-------------+-------------+-------------+
; cstate.IDLE ; 0           ; 0           ; 0           ; 0           ; 0           ;
; cstate.WRT0 ; 0           ; 0           ; 1           ; 1           ; 0           ;
; cstate.WRT1 ; 0           ; 1           ; 0           ; 1           ; 0           ;
; cstate.REA0 ; 1           ; 0           ; 0           ; 1           ; 0           ;
; cstate.REA1 ; 0           ; 0           ; 0           ; 1           ; 1           ;
+-------------+-------------+-------------+-------------+-------------+-------------+


+--------------------------------------------------------------------------------------+
; Registers Removed During Synthesis                                                   ;
+----------------------------------------+---------------------------------------------+
; Register name                          ; Reason for Removal                          ;
+----------------------------------------+---------------------------------------------+
; sram_test_fangxin:inst1|j[1]           ; Stuck at GND due to stuck port data_in      ;
; sram_test_fangxin:inst1|rRGB[1,2]      ; Merged with sram_test_fangxin:inst1|rRGB[0] ;
; sram_test_fangxin:inst1|x[13..16]      ; Merged with sram_test_fangxin:inst1|x[17]   ;
; sram_test_fangxin:inst1|y[13..16]      ; Merged with sram_test_fangxin:inst1|y[17]   ;
; sram_test_fangxin:inst1|cstate~4       ; Lost fanout                                 ;
; sram_test_fangxin:inst1|cstate~5       ; Lost fanout                                 ;
; sram_test_fangxin:inst1|cstate~7       ; Lost fanout                                 ;
; Total Number of Removed Registers = 14 ;                                             ;
+----------------------------------------+---------------------------------------------+


+------------------------------------------------------+
; General Register Statistics                          ;
+----------------------------------------------+-------+
; Statistic                                    ; Value ;
+----------------------------------------------+-------+
; Total registers                              ; 115   ;
; Number of registers using Synchronous Clear  ; 0     ;
; Number of registers using Synchronous Load   ; 10    ;
; Number of registers using Asynchronous Clear ; 113   ;
; Number of registers using Asynchronous Load  ; 0     ;
; Number of registers using Clock Enable       ; 74    ;
; Number of registers using Preset             ; 0     ;
+----------------------------------------------+-------+


+--------------------------------------------------+
; Inverted Register Statistics                     ;
+----------------------------------------+---------+
; Inverted Register                      ; Fan out ;
+----------------------------------------+---------+
; sram_test_fangxin:inst1|rH             ; 2       ;
; sram_test_fangxin:inst1|rV             ; 2       ;
; sram_test_fangxin:inst1|sram_ce_r      ; 1       ;
; Total number of inverted registers = 3 ;         ;
+----------------------------------------+---------+


+---------------------------------------------------------------------------------------------------------------------------------------------------------------------------------------------+
; Multiplexer Restructuring Statistics (Restructuring Performed)                                                                                                                              ;
+--------------------+-----------+---------------+----------------------+------------------------+---------------------------------------------------------------+----------------------------+
; Multiplexer Inputs ; Bus Width ; Baseline Area ; Area if Restructured ; Saving if Restructured ; Registered                                                    ; Example Multiplexer Output ;
+--------------------+-----------+---------------+----------------------+------------------------+---------------------------------------------------------------+----------------------------+
; 17:1               ; 4 bits    ; 44 LEs        ; 36 LEs               ; 8 LEs                  ; |_OV7620_sram_test_fangxin|sram_test_fangxin:inst1|i[0]       ;                            ;
; 16:1               ; 2 bits    ; 20 LEs        ; 2 LEs                ; 18 LEs                 ; |_OV7620_sram_test_fangxin|sram_test_fangxin:inst1|VGA_r      ;                            ;
; 4:1                ; 3 bits    ; 6 LEs         ; 3 LEs                ; 3 LEs                  ; |_OV7620_sram_test_fangxin|sram_test_fangxin:inst1|ShiftLeft0 ;                            ;
; 5:1                ; 3 bits    ; 9 LEs         ; 6 LEs                ; 3 LEs                  ; |_OV7620_sram_test_fangxin|sram_test_fangxin:inst1|ShiftLeft0 ;                            ;
; 7:1                ; 2 bits    ; 8 LEs         ; 8 LEs                ; 0 LEs                  ; |_OV7620_sram_test_fangxin|sram_test_fangxin:inst1|ShiftLeft0 ;                            ;
+--------------------+-----------+---------------+----------------------+------------------------+---------------------------------------------------------------+----------------------------+


+----------------------------------------------------------------------+
; Parameter Settings for User Entity Instance: sram_test_fangxin:inst1 ;
+----------------+------------+----------------------------------------+
; Parameter Name ; Value      ; Type                                   ;
+----------------+------------+----------------------------------------+
; _X             ; 1010000000 ; Unsigned Binary                        ;
; _Y             ; 0011110000 ; Unsigned Binary                        ;
; _XOFF          ; 0000000000 ; Unsigned Binary                        ;
; _YOFF          ; 0000011001 ; Unsigned Binary                        ;
; IDLE           ; 0000       ; Unsigned Binary                        ;
; WRT0           ; 0001       ; Unsigned Binary                        ;
; WRT1           ; 0010       ; Unsigned Binary                        ;
; REA0           ; 0011       ; Unsigned Binary                        ;
; REA1           ; 0100       ; Unsigned Binary                        ;
+----------------+------------+----------------------------------------+
Note: In order to hide this table in the UI and the text report file, please set the "Show Parameter Settings in Synthesis Report" option in "Analysis and Synthesis Settings -> More Settings" to "Off".


+-------------------------------------------------------------------------------+
; Parameter Settings for User Entity Instance: PLL:inst|altpll:altpll_component ;
+-------------------------------+-----------------------+-----------------------+
; Parameter Name                ; Value                 ; Type                  ;
+-------------------------------+-----------------------+-----------------------+
; OPERATION_MODE                ; NORMAL                ; Untyped               ;
; PLL_TYPE                      ; AUTO                  ; Untyped               ;
; LPM_HINT                      ; CBX_MODULE_PREFIX=PLL ; Untyped               ;
; QUALIFY_CONF_DONE             ; OFF                   ; Untyped               ;
; COMPENSATE_CLOCK              ; CLK0                  ; Untyped               ;
; SCAN_CHAIN                    ; LONG                  ; Untyped               ;
; PRIMARY_CLOCK                 ; INCLK0                ; Untyped               ;
; INCLK0_INPUT_FREQUENCY        ; 25000                 ; Signed Integer        ;
; INCLK1_INPUT_FREQUENCY        ; 0                     ; Untyped               ;
; GATE_LOCK_SIGNAL              ; NO                    ; Untyped               ;
; GATE_LOCK_COUNTER             ; 0                     ; Untyped               ;
; LOCK_HIGH                     ; 1                     ; Untyped               ;
; LOCK_LOW                      ; 1                     ; Untyped               ;
; VALID_LOCK_MULTIPLIER         ; 1                     ; Untyped               ;
; INVALID_LOCK_MULTIPLIER       ; 5                     ; Untyped               ;
; SWITCH_OVER_ON_LOSSCLK        ; OFF                   ; Untyped               ;
; SWITCH_OVER_ON_GATED_LOCK     ; OFF                   ; Untyped               ;
; ENABLE_SWITCH_OVER_COUNTER    ; OFF                   ; Untyped               ;
; SKIP_VCO                      ; OFF                   ; Untyped               ;
; SWITCH_OVER_COUNTER           ; 0                     ; Untyped               ;
; SWITCH_OVER_TYPE              ; AUTO                  ; Untyped               ;
; FEEDBACK_SOURCE               ; EXTCLK0               ; Untyped               ;
; BANDWIDTH                     ; 0                     ; Untyped               ;
; BANDWIDTH_TYPE                ; AUTO                  ; Untyped               ;
; SPREAD_FREQUENCY              ; 0                     ; Untyped               ;
; DOWN_SPREAD                   ; 0                     ; Untyped               ;
; SELF_RESET_ON_GATED_LOSS_LOCK ; OFF                   ; Untyped               ;
; SELF_RESET_ON_LOSS_LOCK       ; OFF                   ; Untyped               ;
; CLK9_MULTIPLY_BY              ; 0                     ; Untyped               ;
; CLK8_MULTIPLY_BY              ; 0                     ; Untyped               ;
; CLK7_MULTIPLY_BY              ; 0                     ; Untyped               ;
; CLK6_MULTIPLY_BY              ; 0                     ; Untyped               ;
; CLK5_MULTIPLY_BY              ; 1                     ; Untyped               ;
; CLK4_MULTIPLY_BY              ; 1                     ; Untyped               ;
; CLK3_MULTIPLY_BY              ; 1                     ; Untyped               ;
; CLK2_MULTIPLY_BY              ; 1                     ; Untyped               ;
; CLK1_MULTIPLY_BY              ; 1                     ; Untyped               ;
; CLK0_MULTIPLY_BY              ; 3                     ; Signed Integer        ;
; CLK9_DIVIDE_BY                ; 0                     ; Untyped               ;
; CLK8_DIVIDE_BY                ; 0                     ; Untyped               ;
; CLK7_DIVIDE_BY                ; 0                     ; Untyped               ;
; CLK6_DIVIDE_BY                ; 0                     ; Untyped               ;
; CLK5_DIVIDE_BY                ; 1                     ; Untyped               ;
; CLK4_DIVIDE_BY                ; 1                     ; Untyped               ;
; CLK3_DIVIDE_BY                ; 1                     ; Untyped               ;
; CLK2_DIVIDE_BY                ; 1                     ; Untyped               ;
; CLK1_DIVIDE_BY                ; 1                     ; Untyped               ;
; CLK0_DIVIDE_BY                ; 1                     ; Signed Integer        ;
; CLK9_PHASE_SHIFT              ; 0                     ; Untyped               ;
; CLK8_PHASE_SHIFT              ; 0                     ; Untyped               ;
; CLK7_PHASE_SHIFT              ; 0                     ; Untyped               ;
; CLK6_PHASE_SHIFT              ; 0                     ; Untyped               ;
; CLK5_PHASE_SHIFT              ; 0                     ; Untyped               ;
; CLK4_PHASE_SHIFT              ; 0                     ; Untyped               ;
; CLK3_PHASE_SHIFT              ; 0                     ; Untyped               ;
; CLK2_PHASE_SHIFT              ; 0                     ; Untyped               ;
; CLK1_PHASE_SHIFT              ; 0                     ; Untyped               ;
; CLK0_PHASE_SHIFT              ; 0                     ; Untyped               ;
; CLK5_TIME_DELAY               ; 0                     ; Untyped               ;
; CLK4_TIME_DELAY               ; 0                     ; Untyped               ;
; CLK3_TIME_DELAY               ; 0                     ; Untyped               ;
; CLK2_TIME_DELAY               ; 0                     ; Untyped               ;
; CLK1_TIME_DELAY               ; 0                     ; Untyped               ;
; CLK0_TIME_DELAY               ; 0                     ; Untyped               ;
; CLK9_DUTY_CYCLE               ; 50                    ; Untyped               ;
; CLK8_DUTY_CYCLE               ; 50                    ; Untyped               ;
; CLK7_DUTY_CYCLE               ; 50                    ; Untyped               ;
; CLK6_DUTY_CYCLE               ; 50                    ; Untyped               ;
; CLK5_DUTY_CYCLE               ; 50                    ; Untyped               ;
; CLK4_DUTY_CYCLE               ; 50                    ; Untyped               ;
; CLK3_DUTY_CYCLE               ; 50                    ; Untyped               ;
; CLK2_DUTY_CYCLE               ; 50                    ; Untyped               ;
; CLK1_DUTY_CYCLE               ; 50                    ; Untyped               ;
; CLK0_DUTY_CYCLE               ; 50                    ; Signed Integer        ;
; CLK9_USE_EVEN_COUNTER_MODE    ; OFF                   ; Untyped               ;
; CLK8_USE_EVEN_COUNTER_MODE    ; OFF                   ; Untyped               ;
; CLK7_USE_EVEN_COUNTER_MODE    ; OFF                   ; Untyped               ;
; CLK6_USE_EVEN_COUNTER_MODE    ; OFF                   ; Untyped               ;
; CLK5_USE_EVEN_COUNTER_MODE    ; OFF                   ; Untyped               ;
; CLK4_USE_EVEN_COUNTER_MODE    ; OFF                   ; Untyped               ;
; CLK3_USE_EVEN_COUNTER_MODE    ; OFF                   ; Untyped               ;
; CLK2_USE_EVEN_COUNTER_MODE    ; OFF                   ; Untyped               ;
; CLK1_USE_EVEN_COUNTER_MODE    ; OFF                   ; Untyped               ;
; CLK0_USE_EVEN_COUNTER_MODE    ; OFF                   ; Untyped               ;
; CLK9_USE_EVEN_COUNTER_VALUE   ; OFF                   ; Untyped               ;
; CLK8_USE_EVEN_COUNTER_VALUE   ; OFF                   ; Untyped               ;
; CLK7_USE_EVEN_COUNTER_VALUE   ; OFF                   ; Untyped               ;
; CLK6_USE_EVEN_COUNTER_VALUE   ; OFF                   ; Untyped               ;
; CLK5_USE_EVEN_COUNTER_VALUE   ; OFF                   ; Untyped               ;
; CLK4_USE_EVEN_COUNTER_VALUE   ; OFF                   ; Untyped               ;
; CLK3_USE_EVEN_COUNTER_VALUE   ; OFF                   ; Untyped               ;
; CLK2_USE_EVEN_COUNTER_VALUE   ; OFF                   ; Untyped               ;
; CLK1_USE_EVEN_COUNTER_VALUE   ; OFF                   ; Untyped               ;
; CLK0_USE_EVEN_COUNTER_VALUE   ; OFF                   ; Untyped               ;
; LOCK_WINDOW_UI                ;  0.05                 ; Untyped               ;
; LOCK_WINDOW_UI_BITS           ; UNUSED                ; Untyped               ;
; VCO_RANGE_DETECTOR_LOW_BITS   ; UNUSED                ; Untyped               ;
; VCO_RANGE_DETECTOR_HIGH_BITS  ; UNUSED                ; Untyped               ;
; DPA_MULTIPLY_BY               ; 0                     ; Untyped               ;
; DPA_DIVIDE_BY                 ; 1                     ; Untyped               ;
; DPA_DIVIDER                   ; 0                     ; Untyped               ;
; EXTCLK3_MULTIPLY_BY           ; 1                     ; Untyped               ;
; EXTCLK2_MULTIPLY_BY           ; 1                     ; Untyped               ;
; EXTCLK1_MULTIPLY_BY           ; 1                     ; Untyped               ;
; EXTCLK0_MULTIPLY_BY           ; 1                     ; Untyped               ;
; EXTCLK3_DIVIDE_BY             ; 1                     ; Untyped               ;
; EXTCLK2_DIVIDE_BY             ; 1                     ; Untyped               ;
; EXTCLK1_DIVIDE_BY             ; 1                     ; Untyped               ;
; EXTCLK0_DIVIDE_BY             ; 1                     ; Untyped               ;
; EXTCLK3_PHASE_SHIFT           ; 0                     ; Untyped               ;
; EXTCLK2_PHASE_SHIFT           ; 0                     ; Untyped               ;
; EXTCLK1_PHASE_SHIFT           ; 0                     ; Untyped               ;
; EXTCLK0_PHASE_SHIFT           ; 0                     ; Untyped               ;
; EXTCLK3_TIME_DELAY            ; 0                     ; Untyped               ;
; EXTCLK2_TIME_DELAY            ; 0                     ; Untyped               ;
; EXTCLK1_TIME_DELAY            ; 0                     ; Untyped               ;
; EXTCLK0_TIME_DELAY            ; 0                     ; Untyped               ;
; EXTCLK3_DUTY_CYCLE            ; 50                    ; Untyped               ;
; EXTCLK2_DUTY_CYCLE            ; 50                    ; Untyped               ;
; EXTCLK1_DUTY_CYCLE            ; 50                    ; Untyped               ;
; EXTCLK0_DUTY_CYCLE            ; 50                    ; Untyped               ;
; VCO_MULTIPLY_BY               ; 0                     ; Untyped               ;
; VCO_DIVIDE_BY                 ; 0                     ; Untyped               ;
; SCLKOUT0_PHASE_SHIFT          ; 0                     ; Untyped               ;
; SCLKOUT1_PHASE_SHIFT          ; 0                     ; Untyped               ;
; VCO_MIN                       ; 0                     ; Untyped               ;
; VCO_MAX                       ; 0                     ; Untyped               ;
; VCO_CENTER                    ; 0                     ; Untyped               ;
; PFD_MIN                       ; 0                     ; Untyped               ;
; PFD_MAX                       ; 0                     ; Untyped               ;
; M_INITIAL                     ; 0                     ; Untyped               ;
; M                             ; 0                     ; Untyped               ;
; N                             ; 1                     ; Untyped               ;
; M2                            ; 1                     ; Untyped               ;
; N2                            ; 1                     ; Untyped               ;
; SS                            ; 1                     ; Untyped               ;
; C0_HIGH                       ; 0                     ; Untyped               ;
; C1_HIGH                       ; 0                     ; Untyped               ;
; C2_HIGH                       ; 0                     ; Untyped               ;
; C3_HIGH                       ; 0                     ; Untyped               ;
; C4_HIGH                       ; 0                     ; Untyped               ;
; C5_HIGH                       ; 0                     ; Untyped               ;
; C6_HIGH                       ; 0                     ; Untyped               ;
; C7_HIGH                       ; 0                     ; Untyped               ;
; C8_HIGH                       ; 0                     ; Untyped               ;
; C9_HIGH                       ; 0                     ; Untyped               ;
; C0_LOW                        ; 0                     ; Untyped               ;
; C1_LOW                        ; 0                     ; Untyped               ;
; C2_LOW                        ; 0                     ; Untyped               ;
; C3_LOW                        ; 0                     ; Untyped               ;
; C4_LOW                        ; 0                     ; Untyped               ;
; C5_LOW                        ; 0                     ; Untyped               ;
; C6_LOW                        ; 0                     ; Untyped               ;
; C7_LOW                        ; 0                     ; Untyped               ;
; C8_LOW                        ; 0                     ; Untyped               ;
; C9_LOW                        ; 0                     ; Untyped               ;
; C0_INITIAL                    ; 0                     ; Untyped               ;
; C1_INITIAL                    ; 0                     ; Untyped               ;
; C2_INITIAL                    ; 0                     ; Untyped               ;
; C3_INITIAL                    ; 0                     ; Untyped               ;
; C4_INITIAL                    ; 0                     ; Untyped               ;
; C5_INITIAL                    ; 0                     ; Untyped               ;
; C6_INITIAL                    ; 0                     ; Untyped               ;
; C7_INITIAL                    ; 0                     ; Untyped               ;
; C8_INITIAL                    ; 0                     ; Untyped               ;
; C9_INITIAL                    ; 0                     ; Untyped               ;
; C0_MODE                       ; BYPASS                ; Untyped               ;
; C1_MODE                       ; BYPASS                ; Untyped               ;
; C2_MODE                       ; BYPASS                ; Untyped               ;
; C3_MODE                       ; BYPASS                ; Untyped               ;
; C4_MODE                       ; BYPASS                ; Untyped               ;
; C5_MODE                       ; BYPASS                ; Untyped               ;
; C6_MODE                       ; BYPASS                ; Untyped               ;
; C7_MODE                       ; BYPASS                ; Untyped               ;
; C8_MODE                       ; BYPASS                ; Untyped               ;
; C9_MODE                       ; BYPASS                ; Untyped               ;
; C0_PH                         ; 0                     ; Untyped               ;
; C1_PH                         ; 0                     ; Untyped               ;
; C2_PH                         ; 0                     ; Untyped               ;
; C3_PH                         ; 0                     ; Untyped               ;
; C4_PH                         ; 0                     ; Untyped               ;
; C5_PH                         ; 0                     ; Untyped               ;
; C6_PH                         ; 0                     ; Untyped               ;
; C7_PH                         ; 0                     ; Untyped               ;
; C8_PH                         ; 0                     ; Untyped               ;
; C9_PH                         ; 0                     ; Untyped               ;
; L0_HIGH                       ; 1                     ; Untyped               ;
; L1_HIGH                       ; 1                     ; Untyped               ;
; G0_HIGH                       ; 1                     ; Untyped               ;
; G1_HIGH                       ; 1                     ; Untyped               ;
; G2_HIGH                       ; 1                     ; Untyped               ;
; G3_HIGH                       ; 1                     ; Untyped               ;
; E0_HIGH                       ; 1                     ; Untyped               ;
; E1_HIGH                       ; 1                     ; Untyped               ;
; E2_HIGH                       ; 1                     ; Untyped               ;
; E3_HIGH                       ; 1                     ; Untyped               ;
; L0_LOW                        ; 1                     ; Untyped               ;
; L1_LOW                        ; 1                     ; Untyped               ;
; G0_LOW                        ; 1                     ; Untyped               ;
; G1_LOW                        ; 1                     ; Untyped               ;
; G2_LOW                        ; 1                     ; Untyped               ;
; G3_LOW                        ; 1                     ; Untyped               ;
; E0_LOW                        ; 1                     ; Untyped               ;
; E1_LOW                        ; 1                     ; Untyped               ;
; E2_LOW                        ; 1                     ; Untyped               ;
; E3_LOW                        ; 1                     ; Untyped               ;
; L0_INITIAL                    ; 1                     ; Untyped               ;
; L1_INITIAL                    ; 1                     ; Untyped               ;
; G0_INITIAL                    ; 1                     ; Untyped               ;
; G1_INITIAL                    ; 1                     ; Untyped               ;
; G2_INITIAL                    ; 1                     ; Untyped               ;
; G3_INITIAL                    ; 1                     ; Untyped               ;
; E0_INITIAL                    ; 1                     ; Untyped               ;
; E1_INITIAL                    ; 1                     ; Untyped               ;
; E2_INITIAL                    ; 1                     ; Untyped               ;
; E3_INITIAL                    ; 1                     ; Untyped               ;
; L0_MODE                       ; BYPASS                ; Untyped               ;
; L1_MODE                       ; BYPASS                ; Untyped               ;
; G0_MODE                       ; BYPASS                ; Untyped               ;
; G1_MODE                       ; BYPASS                ; Untyped               ;
; G2_MODE                       ; BYPASS                ; Untyped               ;
; G3_MODE                       ; BYPASS                ; Untyped               ;
; E0_MODE                       ; BYPASS                ; Untyped               ;
; E1_MODE                       ; BYPASS                ; Untyped               ;
; E2_MODE                       ; BYPASS                ; Untyped               ;
; E3_MODE                       ; BYPASS                ; Untyped               ;
; L0_PH                         ; 0                     ; Untyped               ;
; L1_PH                         ; 0                     ; Untyped               ;
; G0_PH                         ; 0                     ; Untyped               ;
; G1_PH                         ; 0                     ; Untyped               ;
; G2_PH                         ; 0                     ; Untyped               ;
; G3_PH                         ; 0                     ; Untyped               ;
; E0_PH                         ; 0                     ; Untyped               ;
; E1_PH                         ; 0                     ; Untyped               ;
; E2_PH                         ; 0                     ; Untyped               ;
; E3_PH                         ; 0                     ; Untyped               ;
; M_PH                          ; 0                     ; Untyped               ;
; C1_USE_CASC_IN                ; OFF                   ; Untyped               ;
; C2_USE_CASC_IN                ; OFF                   ; Untyped               ;
; C3_USE_CASC_IN                ; OFF                   ; Untyped               ;
; C4_USE_CASC_IN                ; OFF                   ; Untyped               ;
; C5_USE_CASC_IN                ; OFF                   ; Untyped               ;
; C6_USE_CASC_IN                ; OFF                   ; Untyped               ;
; C7_USE_CASC_IN                ; OFF                   ; Untyped               ;
; C8_USE_CASC_IN                ; OFF                   ; Untyped               ;
; C9_USE_CASC_IN                ; OFF                   ; Untyped               ;
; CLK0_COUNTER                  ; G0                    ; Untyped               ;
; CLK1_COUNTER                  ; G0                    ; Untyped               ;
; CLK2_COUNTER                  ; G0                    ; Untyped               ;
; CLK3_COUNTER                  ; G0                    ; Untyped               ;
; CLK4_COUNTER                  ; G0                    ; Untyped               ;
; CLK5_COUNTER                  ; G0                    ; Untyped               ;
; CLK6_COUNTER                  ; E0                    ; Untyped               ;
; CLK7_COUNTER                  ; E1                    ; Untyped               ;
; CLK8_COUNTER                  ; E2                    ; Untyped               ;
; CLK9_COUNTER                  ; E3                    ; Untyped               ;
; L0_TIME_DELAY                 ; 0                     ; Untyped               ;
; L1_TIME_DELAY                 ; 0                     ; Untyped               ;
; G0_TIME_DELAY                 ; 0                     ; Untyped               ;
; G1_TIME_DELAY                 ; 0                     ; Untyped               ;
; G2_TIME_DELAY                 ; 0                     ; Untyped               ;
; G3_TIME_DELAY                 ; 0                     ; Untyped               ;
; E0_TIME_DELAY                 ; 0                     ; Untyped               ;
; E1_TIME_DELAY                 ; 0                     ; Untyped               ;
; E2_TIME_DELAY                 ; 0                     ; Untyped               ;
; E3_TIME_DELAY                 ; 0                     ; Untyped               ;
; M_TIME_DELAY                  ; 0                     ; Untyped               ;
; N_TIME_DELAY                  ; 0                     ; Untyped               ;
; EXTCLK3_COUNTER               ; E3                    ; Untyped               ;
; EXTCLK2_COUNTER               ; E2                    ; Untyped               ;
; EXTCLK1_COUNTER               ; E1                    ; Untyped               ;
; EXTCLK0_COUNTER               ; E0                    ; Untyped               ;
; ENABLE0_COUNTER               ; L0                    ; Untyped               ;
; ENABLE1_COUNTER               ; L0                    ; Untyped               ;
; CHARGE_PUMP_CURRENT           ; 2                     ; Untyped               ;
; LOOP_FILTER_R                 ;  1.000000             ; Untyped               ;
; LOOP_FILTER_C                 ; 5                     ; Untyped               ;
; CHARGE_PUMP_CURRENT_BITS      ; 9999                  ; Untyped               ;
; LOOP_FILTER_R_BITS            ; 9999                  ; Untyped               ;
; LOOP_FILTER_C_BITS            ; 9999                  ; Untyped               ;
; VCO_POST_SCALE                ; 0                     ; Untyped               ;
; CLK2_OUTPUT_FREQUENCY         ; 0                     ; Untyped               ;
; CLK1_OUTPUT_FREQUENCY         ; 0                     ; Untyped               ;
; CLK0_OUTPUT_FREQUENCY         ; 0                     ; Untyped               ;
; INTENDED_DEVICE_FAMILY        ; Cyclone IV E          ; Untyped               ;
; PORT_CLKENA0                  ; PORT_UNUSED           ; Untyped               ;
; PORT_CLKENA1                  ; PORT_UNUSED           ; Untyped               ;
; PORT_CLKENA2                  ; PORT_UNUSED           ; Untyped               ;
; PORT_CLKENA3                  ; PORT_UNUSED           ; Untyped               ;
; PORT_CLKENA4                  ; PORT_UNUSED           ; Untyped               ;
; PORT_CLKENA5                  ; PORT_UNUSED           ; Untyped               ;
; PORT_EXTCLKENA0               ; PORT_CONNECTIVITY     ; Untyped               ;
; PORT_EXTCLKENA1               ; PORT_CONNECTIVITY     ; Untyped               ;
; PORT_EXTCLKENA2               ; PORT_CONNECTIVITY     ; Untyped               ;
; PORT_EXTCLKENA3               ; PORT_CONNECTIVITY     ; Untyped               ;
; PORT_EXTCLK0                  ; PORT_UNUSED           ; Untyped               ;
; PORT_EXTCLK1                  ; PORT_UNUSED           ; Untyped               ;
; PORT_EXTCLK2                  ; PORT_UNUSED           ; Untyped               ;
; PORT_EXTCLK3                  ; PORT_UNUSED           ; Untyped               ;
; PORT_CLKBAD0                  ; PORT_UNUSED           ; Untyped               ;
; PORT_CLKBAD1                  ; PORT_UNUSED           ; Untyped               ;
; PORT_CLK0                     ; PORT_USED             ; Untyped               ;
; PORT_CLK1                     ; PORT_UNUSED           ; Untyped               ;
; PORT_CLK2                     ; PORT_UNUSED           ; Untyped               ;
; PORT_CLK3                     ; PORT_UNUSED           ; Untyped               ;
; PORT_CLK4                     ; PORT_UNUSED           ; Untyped               ;
; PORT_CLK5                     ; PORT_UNUSED           ; Untyped               ;
; PORT_CLK6                     ; PORT_UNUSED           ; Untyped               ;
; PORT_CLK7                     ; PORT_UNUSED           ; Untyped               ;
; PORT_CLK8                     ; PORT_UNUSED           ; Untyped               ;
; PORT_CLK9                     ; PORT_UNUSED           ; Untyped               ;
; PORT_SCANDATA                 ; PORT_UNUSED           ; Untyped               ;
; PORT_SCANDATAOUT              ; PORT_UNUSED           ; Untyped               ;
; PORT_SCANDONE                 ; PORT_UNUSED           ; Untyped               ;
; PORT_SCLKOUT1                 ; PORT_CONNECTIVITY     ; Untyped               ;
; PORT_SCLKOUT0                 ; PORT_CONNECTIVITY     ; Untyped               ;
; PORT_ACTIVECLOCK              ; PORT_UNUSED           ; Untyped               ;
; PORT_CLKLOSS                  ; PORT_UNUSED           ; Untyped               ;
; PORT_INCLK1                   ; PORT_UNUSED           ; Untyped               ;
; PORT_INCLK0                   ; PORT_USED             ; Untyped               ;
; PORT_FBIN                     ; PORT_UNUSED           ; Untyped               ;
; PORT_PLLENA                   ; PORT_UNUSED           ; Untyped               ;
; PORT_CLKSWITCH                ; PORT_UNUSED           ; Untyped               ;
; PORT_ARESET                   ; PORT_UNUSED           ; Untyped               ;
; PORT_PFDENA                   ; PORT_UNUSED           ; Untyped               ;
; PORT_SCANCLK                  ; PORT_UNUSED           ; Untyped               ;
; PORT_SCANACLR                 ; PORT_UNUSED           ; Untyped               ;
; PORT_SCANREAD                 ; PORT_UNUSED           ; Untyped               ;
; PORT_SCANWRITE                ; PORT_UNUSED           ; Untyped               ;
; PORT_ENABLE0                  ; PORT_CONNECTIVITY     ; Untyped               ;
; PORT_ENABLE1                  ; PORT_CONNECTIVITY     ; Untyped               ;
; PORT_LOCKED                   ; PORT_UNUSED           ; Untyped               ;
; PORT_CONFIGUPDATE             ; PORT_UNUSED           ; Untyped               ;
; PORT_FBOUT                    ; PORT_CONNECTIVITY     ; Untyped               ;
; PORT_PHASEDONE                ; PORT_UNUSED           ; Untyped               ;
; PORT_PHASESTEP                ; PORT_UNUSED           ; Untyped               ;
; PORT_PHASEUPDOWN              ; PORT_UNUSED           ; Untyped               ;
; PORT_SCANCLKENA               ; PORT_UNUSED           ; Untyped               ;
; PORT_PHASECOUNTERSELECT       ; PORT_UNUSED           ; Untyped               ;
; PORT_VCOOVERRANGE             ; PORT_CONNECTIVITY     ; Untyped               ;
; PORT_VCOUNDERRANGE            ; PORT_CONNECTIVITY     ; Untyped               ;
; M_TEST_SOURCE                 ; 5                     ; Untyped               ;
; C0_TEST_SOURCE                ; 5                     ; Untyped               ;
; C1_TEST_SOURCE                ; 5                     ; Untyped               ;
; C2_TEST_SOURCE                ; 5                     ; Untyped               ;
; C3_TEST_SOURCE                ; 5                     ; Untyped               ;
; C4_TEST_SOURCE                ; 5                     ; Untyped               ;
; C5_TEST_SOURCE                ; 5                     ; Untyped               ;
; C6_TEST_SOURCE                ; 5                     ; Untyped               ;
; C7_TEST_SOURCE                ; 5                     ; Untyped               ;
; C8_TEST_SOURCE                ; 5                     ; Untyped               ;
; C9_TEST_SOURCE                ; 5                     ; Untyped               ;
; CBXI_PARAMETER                ; PLL_altpll            ; Untyped               ;
; VCO_FREQUENCY_CONTROL         ; AUTO                  ; Untyped               ;
; VCO_PHASE_SHIFT_STEP          ; 0                     ; Untyped               ;
; WIDTH_CLOCK                   ; 5                     ; Signed Integer        ;
; WIDTH_PHASECOUNTERSELECT      ; 4                     ; Untyped               ;
; USING_FBMIMICBIDIR_PORT       ; OFF                   ; Untyped               ;
; DEVICE_FAMILY                 ; Cyclone IV E          ; Untyped               ;
; SCAN_CHAIN_MIF_FILE           ; UNUSED                ; Untyped               ;
; SIM_GATE_LOCK_DEVICE_BEHAVIOR ; OFF                   ; Untyped               ;
; AUTO_CARRY_CHAINS             ; ON                    ; AUTO_CARRY            ;
; IGNORE_CARRY_BUFFERS          ; OFF                   ; IGNORE_CARRY          ;
; AUTO_CASCADE_CHAINS           ; ON                    ; AUTO_CASCADE          ;
; IGNORE_CASCADE_BUFFERS        ; OFF                   ; IGNORE_CASCADE        ;
+-------------------------------+-----------------------+-----------------------+
Note: In order to hide this table in the UI and the text report file, please set the "Show Parameter Settings in Synthesis Report" option in "Analysis and Synthesis Settings -> More Settings" to "Off".


+------------------------------------------------------------------+
; altpll Parameter Settings by Entity Instance                     ;
+-------------------------------+----------------------------------+
; Name                          ; Value                            ;
+-------------------------------+----------------------------------+
; Number of entity instances    ; 1                                ;
; Entity Instance               ; PLL:inst|altpll:altpll_component ;
;     -- OPERATION_MODE         ; NORMAL                           ;
;     -- PLL_TYPE               ; AUTO                             ;
;     -- PRIMARY_CLOCK          ; INCLK0                           ;
;     -- INCLK0_INPUT_FREQUENCY ; 25000                            ;
;     -- INCLK1_INPUT_FREQUENCY ; 0                                ;
;     -- VCO_MULTIPLY_BY        ; 0                                ;
;     -- VCO_DIVIDE_BY          ; 0                                ;
+-------------------------------+----------------------------------+


+-------------------------------+
; Elapsed Time Per Partition    ;
+----------------+--------------+
; Partition Name ; Elapsed Time ;
+----------------+--------------+
; Top            ; 00:00:02     ;
+----------------+--------------+


+-------------------------------+
; Analysis & Synthesis Messages ;
+-------------------------------+
Info: *******************************************************************
Info: Running Quartus II Analysis & Synthesis
    Info: Version 11.0 Build 208 07/03/2011 Service Pack 1 SJ Full Version
    Info: Processing started: Mon Mar 03 08:01:00 2014
Info: Command: quartus_map --read_settings_files=on --write_settings_files=off _OV7620 -c _OV7620
Info: Parallel compilation is enabled and will use 2 of the 2 processors detected
Info: Found 1 design units, including 1 entities, in source file sram_control_module.v
    Info: Found entity 1: SRAM_Control_module
Info: Found 1 design units, including 1 entities, in source file sync_module.v
    Info: Found entity 1: SYNC_module
Warning (10238): Verilog Module Declaration warning at VSYNC_init_module.v(9): ignored anonymous port(s) indicated by duplicate or dangling comma(s) in the port list for module "VSYNC_init_module"
Info: Found 1 design units, including 1 entities, in source file vsync_init_module.v
    Info: Found entity 1: VSYNC_init_module
Info: Found 1 design units, including 1 entities, in source file href_init_module.v
    Info: Found entity 1: HREF_init_module
Info: Found 1 design units, including 1 entities, in source file pclk_init_module.v
    Info: Found entity 1: PCLK_init_module
Info: Found 1 design units, including 1 entities, in source file _ov7620.bdf
    Info: Found entity 1: _OV7620
Info: Found 1 design units, including 1 entities, in source file pll.v
    Info: Found entity 1: PLL
Info: Found 1 design units, including 1 entities, in source file bypass_module.v
    Info: Found entity 1: bypass_module
Info: Found 1 design units, including 1 entities, in source file sram_test_fangxin.v
    Info: Found entity 1: sram_test_fangxin
Info: Found 1 design units, including 1 entities, in source file _ov7620_sram_test_fangxin.bdf
    Info: Found entity 1: _OV7620_sram_test_fangxin
Info: Elaborating entity "_OV7620_sram_test_fangxin" for the top level hierarchy
Info: Elaborating entity "sram_test_fangxin" for hierarchy "sram_test_fangxin:inst1"
Warning (10230): Verilog HDL assignment warning at sram_test_fangxin.v(87): truncated value with size 32 to match size of target (18)
Warning (10230): Verilog HDL assignment warning at sram_test_fangxin.v(88): truncated value with size 32 to match size of target (18)
Info (10264): Verilog HDL Case Statement information at sram_test_fangxin.v(207): all case item expressions in this case statement are onehot
Info: Elaborating entity "PLL" for hierarchy "PLL:inst"
Info: Elaborating entity "altpll" for hierarchy "PLL:inst|altpll:altpll_component"
Info: Elaborated megafunction instantiation "PLL:inst|altpll:altpll_component"
Info: Instantiated megafunction "PLL:inst|altpll:altpll_component" with the following parameter:
    Info: Parameter "bandwidth_type" = "AUTO"
    Info: Parameter "clk0_divide_by" = "1"
    Info: Parameter "clk0_duty_cycle" = "50"
    Info: Parameter "clk0_multiply_by" = "3"
    Info: Parameter "clk0_phase_shift" = "0"
    Info: Parameter "compensate_clock" = "CLK0"
    Info: Parameter "inclk0_input_frequency" = "25000"
    Info: Parameter "intended_device_family" = "Cyclone IV E"
    Info: Parameter "lpm_hint" = "CBX_MODULE_PREFIX=PLL"
    Info: Parameter "lpm_type" = "altpll"
    Info: Parameter "operation_mode" = "NORMAL"
    Info: Parameter "pll_type" = "AUTO"
    Info: Parameter "port_activeclock" = "PORT_UNUSED"
    Info: Parameter "port_areset" = "PORT_UNUSED"
    Info: Parameter "port_clkbad0" = "PORT_UNUSED"
    Info: Parameter "port_clkbad1" = "PORT_UNUSED"
    Info: Parameter "port_clkloss" = "PORT_UNUSED"
    Info: Parameter "port_clkswitch" = "PORT_UNUSED"
    Info: Parameter "port_configupdate" = "PORT_UNUSED"
    Info: Parameter "port_fbin" = "PORT_UNUSED"
    Info: Parameter "port_inclk0" = "PORT_USED"
    Info: Parameter "port_inclk1" = "PORT_UNUSED"
    Info: Parameter "port_locked" = "PORT_UNUSED"
    Info: Parameter "port_pfdena" = "PORT_UNUSED"
    Info: Parameter "port_phasecounterselect" = "PORT_UNUSED"
    Info: Parameter "port_phasedone" = "PORT_UNUSED"
    Info: Parameter "port_phasestep" = "PORT_UNUSED"
    Info: Parameter "port_phaseupdown" = "PORT_UNUSED"
    Info: Parameter "port_pllena" = "PORT_UNUSED"
    Info: Parameter "port_scanaclr" = "PORT_UNUSED"
    Info: Parameter "port_scanclk" = "PORT_UNUSED"
    Info: Parameter "port_scanclkena" = "PORT_UNUSED"
    Info: Parameter "port_scandata" = "PORT_UNUSED"
    Info: Parameter "port_scandataout" = "PORT_UNUSED"
    Info: Parameter "port_scandone" = "PORT_UNUSED"
    Info: Parameter "port_scanread" = "PORT_UNUSED"
    Info: Parameter "port_scanwrite" = "PORT_UNUSED"
    Info: Parameter "port_clk0" = "PORT_USED"
    Info: Parameter "port_clk1" = "PORT_UNUSED"
    Info: Parameter "port_clk2" = "PORT_UNUSED"
    Info: Parameter "port_clk3" = "PORT_UNUSED"
    Info: Parameter "port_clk4" = "PORT_UNUSED"
    Info: Parameter "port_clk5" = "PORT_UNUSED"
    Info: Parameter "port_clkena0" = "PORT_UNUSED"
    Info: Parameter "port_clkena1" = "PORT_UNUSED"
    Info: Parameter "port_clkena2" = "PORT_UNUSED"
    Info: Parameter "port_clkena3" = "PORT_UNUSED"
    Info: Parameter "port_clkena4" = "PORT_UNUSED"
    Info: Parameter "port_clkena5" = "PORT_UNUSED"
    Info: Parameter "port_extclk0" = "PORT_UNUSED"
    Info: Parameter "port_extclk1" = "PORT_UNUSED"
    Info: Parameter "port_extclk2" = "PORT_UNUSED"
    Info: Parameter "port_extclk3" = "PORT_UNUSED"
    Info: Parameter "width_clock" = "5"
Info: Found 1 design units, including 1 entities, in source file db/pll_altpll.v
    Info: Found entity 1: PLL_altpll
Info: Elaborating entity "PLL_altpll" for hierarchy "PLL:inst|altpll:altpll_component|PLL_altpll:auto_generated"
Info: Registers with preset signals will power-up high
Info: DEV_CLRn pin will set, and not reset, register with preset signal due to NOT Gate Push-Back
Info: Timing-Driven Synthesis is running
Info: 3 registers lost all their fanouts during netlist optimizations. The first 3 are displayed below.
    Info: Register "sram_test_fangxin:inst1|cstate~4" lost all its fanouts during netlist optimizations.
    Info: Register "sram_test_fangxin:inst1|cstate~5" lost all its fanouts during netlist optimizations.
    Info: Register "sram_test_fangxin:inst1|cstate~7" lost all its fanouts during netlist optimizations.
Info: Generated suppressed messages file G:/FPGA/FPGA_OV7620_gailiangban/_OV7620.map.smsg
Info: Generating hard_block partition "hard_block:auto_generated_inst"
    Info: Adding node "PLL:inst|altpll:altpll_component|PLL_altpll:auto_generated|pll1"
Info: Implemented 339 device resources after synthesis - the final resource count might be different
    Info: Implemented 13 input pins
    Info: Implemented 25 output pins
    Info: Implemented 8 bidirectional pins
    Info: Implemented 292 logic cells
    Info: Implemented 1 PLLs
Info: Quartus II Analysis & Synthesis was successful. 0 errors, 3 warnings
    Info: Peak virtual memory: 262 megabytes
    Info: Processing ended: Mon Mar 03 08:01:04 2014
    Info: Elapsed time: 00:00:04
    Info: Total CPU time (on all processors): 00:00:03


+------------------------------------------+
; Analysis & Synthesis Suppressed Messages ;
+------------------------------------------+
The suppressed messages can be found in G:/FPGA/FPGA_OV7620_gailiangban/_OV7620.map.smsg.


