Analysis & Synthesis report for OV_7620
Wed Feb 26 16:44:59 2014
Quartus II Version 11.0 Build 208 07/03/2011 Service Pack 1 SJ Full Version


---------------------
; Table of Contents ;
---------------------
  1. Legal Notice
  2. Analysis & Synthesis Summary
  3. Analysis & Synthesis Settings
  4. Parallel Compilation
  5. Analysis & Synthesis Source Files Read
  6. Analysis & Synthesis Resource Usage Summary
  7. Analysis & Synthesis Resource Utilization by Entity
  8. Analysis & Synthesis IP Cores Summary
  9. User-Specified and Inferred Latches
 10. Registers Removed During Synthesis
 11. General Register Statistics
 12. Inverted Register Statistics
 13. Multiplexer Restructuring Statistics (Restructuring Performed)
 14. Parameter Settings for User Entity Instance: PLL_2:inst15|altpll:altpll_component
 15. altpll Parameter Settings by Entity Instance
 16. Elapsed Time Per Partition
 17. Analysis & Synthesis Messages
 18. Analysis & Synthesis Suppressed Messages



----------------
; Legal Notice ;
----------------
Copyright (C) 1991-2011 Altera Corporation
Your use of Altera Corporation's design tools, logic functions 
and other software and tools, and its AMPP partner logic 
functions, and any output files from any of the foregoing 
(including device programming or simulation files), and any 
associated documentation or information are expressly subject 
to the terms and conditions of the Altera Program License 
Subscription Agreement, Altera MegaCore Function License 
Agreement, or other applicable license agreement, including, 
without limitation, that your use is for the sole purpose of 
programming logic devices manufactured by Altera and sold by 
Altera or its authorized distributors.  Please refer to the 
applicable agreement for further details.



+-------------------------------------------------------------------------------------+
; Analysis & Synthesis Summary                                                        ;
+------------------------------------+------------------------------------------------+
; Analysis & Synthesis Status        ; Successful - Wed Feb 26 16:44:59 2014          ;
; Quartus II Version                 ; 11.0 Build 208 07/03/2011 SP 1 SJ Full Version ;
; Revision Name                      ; OV_7620                                        ;
; Top-level Entity Name              ; OV_7620_BDF                                    ;
; Family                             ; Cyclone IV E                                   ;
; Total logic elements               ; 354                                            ;
;     Total combinational functions  ; 344                                            ;
;     Dedicated logic registers      ; 104                                            ;
; Total registers                    ; 104                                            ;
; Total pins                         ; 49                                             ;
; Total virtual pins                 ; 0                                              ;
; Total memory bits                  ; 0                                              ;
; Embedded Multiplier 9-bit elements ; 0                                              ;
; Total PLLs                         ; 1                                              ;
+------------------------------------+------------------------------------------------+


+----------------------------------------------------------------------------------------------------------------------+
; Analysis & Synthesis Settings                                                                                        ;
+----------------------------------------------------------------------------+--------------------+--------------------+
; Option                                                                     ; Setting            ; Default Value      ;
+----------------------------------------------------------------------------+--------------------+--------------------+
; Device                                                                     ; EP4CE15F17C8       ;                    ;
; Top-level entity name                                                      ; OV_7620_BDF        ; OV_7620            ;
; Family name                                                                ; Cyclone IV E       ; Cyclone IV GX      ;
; Use smart compilation                                                      ; Off                ; Off                ;
; Enable parallel Assembler and TimeQuest Timing Analyzer during compilation ; On                 ; On                 ;
; Enable compact report table                                                ; Off                ; Off                ;
; Restructure Multiplexers                                                   ; Auto               ; Auto               ;
; Create Debugging Nodes for IP Cores                                        ; Off                ; Off                ;
; Preserve fewer node names                                                  ; On                 ; On                 ;
; Disable OpenCore Plus hardware evaluation                                  ; Off                ; Off                ;
; Verilog Version                                                            ; Verilog_2001       ; Verilog_2001       ;
; VHDL Version                                                               ; VHDL_1993          ; VHDL_1993          ;
; State Machine Processing                                                   ; Auto               ; Auto               ;
; Safe State Machine                                                         ; Off                ; Off                ;
; Extract Verilog State Machines                                             ; On                 ; On                 ;
; Extract VHDL State Machines                                                ; On                 ; On                 ;
; Ignore Verilog initial constructs                                          ; Off                ; Off                ;
; Iteration limit for constant Verilog loops                                 ; 5000               ; 5000               ;
; Iteration limit for non-constant Verilog loops                             ; 250                ; 250                ;
; Add Pass-Through Logic to Inferred RAMs                                    ; On                 ; On                 ;
; Parallel Synthesis                                                         ; On                 ; On                 ;
; DSP Block Balancing                                                        ; Auto               ; Auto               ;
; NOT Gate Push-Back                                                         ; On                 ; On                 ;
; Power-Up Don't Care                                                        ; On                 ; On                 ;
; Remove Redundant Logic Cells                                               ; Off                ; Off                ;
; Remove Duplicate Registers                                                 ; On                 ; On                 ;
; Ignore CARRY Buffers                                                       ; Off                ; Off                ;
; Ignore CASCADE Buffers                                                     ; Off                ; Off                ;
; Ignore GLOBAL Buffers                                                      ; Off                ; Off                ;
; Ignore ROW GLOBAL Buffers                                                  ; Off                ; Off                ;
; Ignore LCELL Buffers                                                       ; Off                ; Off                ;
; Ignore SOFT Buffers                                                        ; On                 ; On                 ;
; Limit AHDL Integers to 32 Bits                                             ; Off                ; Off                ;
; Optimization Technique                                                     ; Balanced           ; Balanced           ;
; Carry Chain Length                                                         ; 70                 ; 70                 ;
; Auto Carry Chains                                                          ; On                 ; On                 ;
; Auto Open-Drain Pins                                                       ; On                 ; On                 ;
; Perform WYSIWYG Primitive Resynthesis                                      ; Off                ; Off                ;
; Auto ROM Replacement                                                       ; On                 ; On                 ;
; Auto RAM Replacement                                                       ; On                 ; On                 ;
; Auto DSP Block Replacement                                                 ; On                 ; On                 ;
; Auto Shift Register Replacement                                            ; Auto               ; Auto               ;
; Allow Shift Register Merging across Hierarchies                            ; Auto               ; Auto               ;
; Auto Clock Enable Replacement                                              ; On                 ; On                 ;
; Strict RAM Replacement                                                     ; Off                ; Off                ;
; Allow Synchronous Control Signals                                          ; On                 ; On                 ;
; Force Use of Synchronous Clear Signals                                     ; Off                ; Off                ;
; Auto RAM Block Balancing                                                   ; On                 ; On                 ;
; Auto RAM to Logic Cell Conversion                                          ; Off                ; Off                ;
; Auto Resource Sharing                                                      ; Off                ; Off                ;
; Allow Any RAM Size For Recognition                                         ; Off                ; Off                ;
; Allow Any ROM Size For Recognition                                         ; Off                ; Off                ;
; Allow Any Shift Register Size For Recognition                              ; Off                ; Off                ;
; Use LogicLock Constraints during Resource Balancing                        ; On                 ; On                 ;
; Ignore translate_off and synthesis_off directives                          ; Off                ; Off                ;
; Timing-Driven Synthesis                                                    ; On                 ; On                 ;
; Report Parameter Settings                                                  ; On                 ; On                 ;
; Report Source Assignments                                                  ; On                 ; On                 ;
; Report Connectivity Checks                                                 ; On                 ; On                 ;
; Ignore Maximum Fan-Out Assignments                                         ; Off                ; Off                ;
; Synchronization Register Chain Length                                      ; 2                  ; 2                  ;
; PowerPlay Power Optimization                                               ; Normal compilation ; Normal compilation ;
; HDL message level                                                          ; Level2             ; Level2             ;
; Suppress Register Optimization Related Messages                            ; Off                ; Off                ;
; Number of Removed Registers Reported in Synthesis Report                   ; 5000               ; 5000               ;
; Number of Inverted Registers Reported in Synthesis Report                  ; 100                ; 100                ;
; Clock MUX Protection                                                       ; On                 ; On                 ;
; Auto Gated Clock Conversion                                                ; Off                ; Off                ;
; Block Design Naming                                                        ; Auto               ; Auto               ;
; SDC constraint protection                                                  ; Off                ; Off                ;
; Synthesis Effort                                                           ; Auto               ; Auto               ;
; Shift Register Replacement - Allow Asynchronous Clear Signal               ; On                 ; On                 ;
; Analysis & Synthesis Message Level                                         ; Medium             ; Medium             ;
; Disable Register Merging Across Hierarchies                                ; Auto               ; Auto               ;
; Resource Aware Inference For Block RAM                                     ; On                 ; On                 ;
; Synthesis Seed                                                             ; 1                  ; 1                  ;
+----------------------------------------------------------------------------+--------------------+--------------------+


+------------------------------------------+
; Parallel Compilation                     ;
+----------------------------+-------------+
; Processors                 ; Number      ;
+----------------------------+-------------+
; Number detected on machine ; 2           ;
; Maximum allowed            ; 2           ;
;                            ;             ;
; Average used               ; 1.00        ;
; Maximum used               ; 1           ;
;                            ;             ;
; Usage by Processor         ; % Time Used ;
;     1 processor            ; 100.0%      ;
;     2 processors           ;   0.0%      ;
+----------------------------+-------------+


+------------------------------------------------------------------------------------------------------------------------------------------------------------+
; Analysis & Synthesis Source Files Read                                                                                                                     ;
+----------------------------------+-----------------+------------------------------------+------------------------------------------------------------------+
; File Name with User-Entered Path ; Used in Netlist ; File Type                          ; File Name with Absolute Path                                     ;
+----------------------------------+-----------------+------------------------------------+------------------------------------------------------------------+
; VSYNC_init_module.v              ; yes             ; User Verilog HDL File              ; G:/FPGA/FPGA_OV7620/VSYNC_init_module.v                          ;
; HREF_init_module.v               ; yes             ; User Verilog HDL File              ; G:/FPGA/FPGA_OV7620/HREF_init_module.v                           ;
; PCLK_init_module.v               ; yes             ; User Verilog HDL File              ; G:/FPGA/FPGA_OV7620/PCLK_init_module.v                           ;
; OV_7620_BDF.bdf                  ; yes             ; User Block Diagram/Schematic File  ; G:/FPGA/FPGA_OV7620/OV_7620_BDF.bdf                              ;
; SRAM_Control_module.v            ; yes             ; User Verilog HDL File              ; G:/FPGA/FPGA_OV7620/SRAM_Control_module.v                        ;
; PLL_2.v                          ; yes             ; User Wizard-Generated File         ; G:/FPGA/FPGA_OV7620/PLL_2.v                                      ;
; sync_module.v                    ; yes             ; User Verilog HDL File              ; G:/FPGA/FPGA_OV7620/sync_module.v                                ;
; altpll.tdf                       ; yes             ; Megafunction                       ; e:/altera/11.0/quartus/libraries/megafunctions/altpll.tdf        ;
; aglobal110.inc                   ; yes             ; Megafunction                       ; e:/altera/11.0/quartus/libraries/megafunctions/aglobal110.inc    ;
; stratix_pll.inc                  ; yes             ; Megafunction                       ; e:/altera/11.0/quartus/libraries/megafunctions/stratix_pll.inc   ;
; stratixii_pll.inc                ; yes             ; Megafunction                       ; e:/altera/11.0/quartus/libraries/megafunctions/stratixii_pll.inc ;
; cycloneii_pll.inc                ; yes             ; Megafunction                       ; e:/altera/11.0/quartus/libraries/megafunctions/cycloneii_pll.inc ;
; db/pll_2_altpll.v                ; yes             ; Auto-Generated Megafunction        ; G:/FPGA/FPGA_OV7620/db/pll_2_altpll.v                            ;
+----------------------------------+-----------------+------------------------------------+------------------------------------------------------------------+


+---------------------------------------------------------------------------------------------------------------------------------+
; Analysis & Synthesis Resource Usage Summary                                                                                     ;
+---------------------------------------------+-----------------------------------------------------------------------------------+
; Resource                                    ; Usage                                                                             ;
+---------------------------------------------+-----------------------------------------------------------------------------------+
; Estimated Total logic elements              ; 354                                                                               ;
;                                             ;                                                                                   ;
; Total combinational functions               ; 344                                                                               ;
; Logic element usage by number of LUT inputs ;                                                                                   ;
;     -- 4 input functions                    ; 144                                                                               ;
;     -- 3 input functions                    ; 81                                                                                ;
;     -- <=2 input functions                  ; 119                                                                               ;
;                                             ;                                                                                   ;
; Logic elements by mode                      ;                                                                                   ;
;     -- normal mode                          ; 263                                                                               ;
;     -- arithmetic mode                      ; 81                                                                                ;
;                                             ;                                                                                   ;
; Total registers                             ; 104                                                                               ;
;     -- Dedicated logic registers            ; 104                                                                               ;
;     -- I/O registers                        ; 0                                                                                 ;
;                                             ;                                                                                   ;
; I/O pins                                    ; 49                                                                                ;
; Total PLLs                                  ; 1                                                                                 ;
;     -- PLLs                                 ; 1                                                                                 ;
;                                             ;                                                                                   ;
; Maximum fan-out node                        ; PLL_2:inst15|altpll:altpll_component|PLL_2_altpll:auto_generated|wire_pll1_clk[0] ;
; Maximum fan-out                             ; 105                                                                               ;
; Total fan-out                               ; 1554                                                                              ;
; Average fan-out                             ; 2.80                                                                              ;
+---------------------------------------------+-----------------------------------------------------------------------------------+


+---------------------------------------------------------------------------------------------------------------------------------------------------------------------------------------------------------------------------------------------------+
; Analysis & Synthesis Resource Utilization by Entity                                                                                                                                                                                               ;
+----------------------------------------+-------------------+--------------+-------------+--------------+---------+-----------+------+--------------+-------------------------------------------------------------------------------+--------------+
; Compilation Hierarchy Node             ; LC Combinationals ; LC Registers ; Memory Bits ; DSP Elements ; DSP 9x9 ; DSP 18x18 ; Pins ; Virtual Pins ; Full Hierarchy Name                                                           ; Library Name ;
+----------------------------------------+-------------------+--------------+-------------+--------------+---------+-----------+------+--------------+-------------------------------------------------------------------------------+--------------+
; |OV_7620_BDF                           ; 344 (0)           ; 104 (0)      ; 0           ; 0            ; 0       ; 0         ; 49   ; 0            ; |OV_7620_BDF                                                                  ;              ;
;    |HREF_init_module:inst|             ; 0 (0)             ; 2 (2)        ; 0           ; 0            ; 0       ; 0         ; 0    ; 0            ; |OV_7620_BDF|HREF_init_module:inst                                            ;              ;
;    |PCLK_init_module:inst1|            ; 0 (0)             ; 2 (2)        ; 0           ; 0            ; 0       ; 0         ; 0    ; 0            ; |OV_7620_BDF|PCLK_init_module:inst1                                           ;              ;
;    |PLL_2:inst15|                      ; 0 (0)             ; 0 (0)        ; 0           ; 0            ; 0       ; 0         ; 0    ; 0            ; |OV_7620_BDF|PLL_2:inst15                                                     ;              ;
;       |altpll:altpll_component|        ; 0 (0)             ; 0 (0)        ; 0           ; 0            ; 0       ; 0         ; 0    ; 0            ; |OV_7620_BDF|PLL_2:inst15|altpll:altpll_component                             ;              ;
;          |PLL_2_altpll:auto_generated| ; 0 (0)             ; 0 (0)        ; 0           ; 0            ; 0       ; 0         ; 0    ; 0            ; |OV_7620_BDF|PLL_2:inst15|altpll:altpll_component|PLL_2_altpll:auto_generated ;              ;
;    |SRAM_Control_module:inst2|         ; 268 (268)         ; 75 (75)      ; 0           ; 0            ; 0       ; 0         ; 0    ; 0            ; |OV_7620_BDF|SRAM_Control_module:inst2                                        ;              ;
;    |VSYNC_init_module:inst5|           ; 2 (2)             ; 2 (2)        ; 0           ; 0            ; 0       ; 0         ; 0    ; 0            ; |OV_7620_BDF|VSYNC_init_module:inst5                                          ;              ;
;    |sync_module:inst3|                 ; 74 (74)           ; 23 (23)      ; 0           ; 0            ; 0       ; 0         ; 0    ; 0            ; |OV_7620_BDF|sync_module:inst3                                                ;              ;
+----------------------------------------+-------------------+--------------+-------------+--------------+---------+-----------+------+--------------+-------------------------------------------------------------------------------+--------------+
Note: For table entries with two numbers listed, the numbers in parentheses indicate the number of resources of the given type used by the specific entity alone. The numbers listed outside of parentheses indicate the total resources of the given type used by the specific entity and all of its sub-entities in the hierarchy.


+-------------------------------------------------------------------------------------------------------------------------+
; Analysis & Synthesis IP Cores Summary                                                                                   ;
+--------+--------------+---------+--------------+--------------+---------------------------+-----------------------------+
; Vendor ; IP Core Name ; Version ; Release Date ; License Type ; Entity Instance           ; IP Include File             ;
+--------+--------------+---------+--------------+--------------+---------------------------+-----------------------------+
; Altera ; ALTPLL       ; 11.0    ; N/A          ; N/A          ; |OV_7620_BDF|PLL_2:inst15 ; G:/FPGA/FPGA_OV7620/PLL_2.v ;
+--------+--------------+---------+--------------+--------------+---------------------------+-----------------------------+


+------------------------------------------------------------------------------------------------------------------------+
; User-Specified and Inferred Latches                                                                                    ;
+----------------------------------------------------+------------------------------------------+------------------------+
; Latch Name                                         ; Latch Enable Signal                      ; Free of Timing Hazards ;
+----------------------------------------------------+------------------------------------------+------------------------+
; SRAM_Control_module:inst2|DataOut[7]               ; SRAM_Control_module:inst2|Done_Collect_R ; yes                    ;
; SRAM_Control_module:inst2|DataOut[6]               ; SRAM_Control_module:inst2|Done_Collect_R ; yes                    ;
; SRAM_Control_module:inst2|DataOut[5]               ; SRAM_Control_module:inst2|Done_Collect_R ; yes                    ;
; SRAM_Control_module:inst2|DataOut[4]               ; SRAM_Control_module:inst2|Done_Collect_R ; yes                    ;
; SRAM_Control_module:inst2|DataOut[3]               ; SRAM_Control_module:inst2|Done_Collect_R ; yes                    ;
; SRAM_Control_module:inst2|DataOut[2]               ; SRAM_Control_module:inst2|Done_Collect_R ; yes                    ;
; SRAM_Control_module:inst2|DataOut[1]               ; SRAM_Control_module:inst2|Done_Collect_R ; yes                    ;
; SRAM_Control_module:inst2|DataOut[0]               ; SRAM_Control_module:inst2|Done_Collect_R ; yes                    ;
; Number of user-specified and inferred latches = 8  ;                                          ;                        ;
+----------------------------------------------------+------------------------------------------+------------------------+
Note: All latches listed above may not be present at the end of synthesis due to various synthesis optimizations.


+-----------------------------------------------------------------------------------------+
; Registers Removed During Synthesis                                                      ;
+---------------------------------------+-------------------------------------------------+
; Register name                         ; Reason for Removal                              ;
+---------------------------------------+-------------------------------------------------+
; SRAM_Control_module:inst2|SRAM_LB_r   ; Merged with SRAM_Control_module:inst2|SRAM_CE_r ;
; SRAM_Control_module:inst2|SRAM_UB_r   ; Stuck at VCC due to stuck port data_in          ;
; SRAM_Control_module:inst2|m[8..10]    ; Stuck at GND due to stuck port data_in          ;
; SRAM_Control_module:inst2|n[10]       ; Stuck at GND due to stuck port data_in          ;
; Total Number of Removed Registers = 6 ;                                                 ;
+---------------------------------------+-------------------------------------------------+


+------------------------------------------------------+
; General Register Statistics                          ;
+----------------------------------------------+-------+
; Statistic                                    ; Value ;
+----------------------------------------------+-------+
; Total registers                              ; 104   ;
; Number of registers using Synchronous Clear  ; 40    ;
; Number of registers using Synchronous Load   ; 0     ;
; Number of registers using Asynchronous Clear ; 104   ;
; Number of registers using Asynchronous Load  ; 0     ;
; Number of registers using Clock Enable       ; 58    ;
; Number of registers using Preset             ; 0     ;
+----------------------------------------------+-------+


+--------------------------------------------------+
; Inverted Register Statistics                     ;
+----------------------------------------+---------+
; Inverted Register                      ; Fan out ;
+----------------------------------------+---------+
; SRAM_Control_module:inst2|SRAM_WE_r    ; 1       ;
; SRAM_Control_module:inst2|SRAM_CE_r    ; 2       ;
; SRAM_Control_module:inst2|SRAM_OE_r    ; 1       ;
; VSYNC_init_module:inst5|H2L_F2         ; 2       ;
; VSYNC_init_module:inst5|H2L_F1         ; 3       ;
; Total number of inverted registers = 5 ;         ;
+----------------------------------------+---------+


+---------------------------------------------------------------------------------------------------------------------------------------------------------------------------------+
; Multiplexer Restructuring Statistics (Restructuring Performed)                                                                                                                  ;
+--------------------+-----------+---------------+----------------------+------------------------+---------------------------------------------------+----------------------------+
; Multiplexer Inputs ; Bus Width ; Baseline Area ; Area if Restructured ; Saving if Restructured ; Registered                                        ; Example Multiplexer Output ;
+--------------------+-----------+---------------+----------------------+------------------------+---------------------------------------------------+----------------------------+
; 3:1                ; 18 bits   ; 36 LEs        ; 18 LEs               ; 18 LEs                 ; |OV_7620_BDF|SRAM_Control_module:inst2|ADDR_r[7]  ;                            ;
; 3:1                ; 2 bits    ; 4 LEs         ; 2 LEs                ; 2 LEs                  ; |OV_7620_BDF|SRAM_Control_module:inst2|ADDR_R[0]  ;                            ;
; 4:1                ; 6 bits    ; 12 LEs        ; 6 LEs                ; 6 LEs                  ; |OV_7620_BDF|SRAM_Control_module:inst2|ADDR_R[7]  ;                            ;
; 4:1                ; 2 bits    ; 4 LEs         ; 4 LEs                ; 0 LEs                  ; |OV_7620_BDF|SRAM_Control_module:inst2|ADDR_R[8]  ;                            ;
; 5:1                ; 4 bits    ; 12 LEs        ; 8 LEs                ; 4 LEs                  ; |OV_7620_BDF|SRAM_Control_module:inst2|ADDR_R[10] ;                            ;
; 17:1               ; 4 bits    ; 44 LEs        ; 36 LEs               ; 8 LEs                  ; |OV_7620_BDF|SRAM_Control_module:inst2|i[3]       ;                            ;
; 6:1                ; 2 bits    ; 8 LEs         ; 6 LEs                ; 2 LEs                  ; |OV_7620_BDF|SRAM_Control_module:inst2|ADDR_R[15] ;                            ;
; 3:1                ; 2 bits    ; 4 LEs         ; 0 LEs                ; 4 LEs                  ; |OV_7620_BDF|SRAM_Control_module:inst2|SRAM_CE_r  ;                            ;
; 16:1               ; 3 bits    ; 30 LEs        ; 6 LEs                ; 24 LEs                 ; |OV_7620_BDF|SRAM_Control_module:inst2|Done_VGA_R ;                            ;
; 3:1                ; 2 bits    ; 4 LEs         ; 2 LEs                ; 2 LEs                  ; |OV_7620_BDF|SRAM_Control_module:inst2|ShiftLeft0 ;                            ;
; 4:1                ; 6 bits    ; 12 LEs        ; 6 LEs                ; 6 LEs                  ; |OV_7620_BDF|SRAM_Control_module:inst2|ShiftLeft0 ;                            ;
; 4:1                ; 2 bits    ; 4 LEs         ; 4 LEs                ; 0 LEs                  ; |OV_7620_BDF|SRAM_Control_module:inst2|ShiftLeft0 ;                            ;
; 5:1                ; 2 bits    ; 6 LEs         ; 4 LEs                ; 2 LEs                  ; |OV_7620_BDF|SRAM_Control_module:inst2|ShiftLeft0 ;                            ;
; 5:1                ; 4 bits    ; 12 LEs        ; 8 LEs                ; 4 LEs                  ; |OV_7620_BDF|SRAM_Control_module:inst2|ShiftLeft0 ;                            ;
+--------------------+-----------+---------------+----------------------+------------------------+---------------------------------------------------+----------------------------+


+-----------------------------------------------------------------------------------+
; Parameter Settings for User Entity Instance: PLL_2:inst15|altpll:altpll_component ;
+-------------------------------+-------------------------+-------------------------+
; Parameter Name                ; Value                   ; Type                    ;
+-------------------------------+-------------------------+-------------------------+
; OPERATION_MODE                ; NORMAL                  ; Untyped                 ;
; PLL_TYPE                      ; AUTO                    ; Untyped                 ;
; LPM_HINT                      ; CBX_MODULE_PREFIX=PLL_2 ; Untyped                 ;
; QUALIFY_CONF_DONE             ; OFF                     ; Untyped                 ;
; COMPENSATE_CLOCK              ; CLK0                    ; Untyped                 ;
; SCAN_CHAIN                    ; LONG                    ; Untyped                 ;
; PRIMARY_CLOCK                 ; INCLK0                  ; Untyped                 ;
; INCLK0_INPUT_FREQUENCY        ; 20000                   ; Signed Integer          ;
; INCLK1_INPUT_FREQUENCY        ; 0                       ; Untyped                 ;
; GATE_LOCK_SIGNAL              ; NO                      ; Untyped                 ;
; GATE_LOCK_COUNTER             ; 0                       ; Untyped                 ;
; LOCK_HIGH                     ; 1                       ; Untyped                 ;
; LOCK_LOW                      ; 1                       ; Untyped                 ;
; VALID_LOCK_MULTIPLIER         ; 1                       ; Untyped                 ;
; INVALID_LOCK_MULTIPLIER       ; 5                       ; Untyped                 ;
; SWITCH_OVER_ON_LOSSCLK        ; OFF                     ; Untyped                 ;
; SWITCH_OVER_ON_GATED_LOCK     ; OFF                     ; Untyped                 ;
; ENABLE_SWITCH_OVER_COUNTER    ; OFF                     ; Untyped                 ;
; SKIP_VCO                      ; OFF                     ; Untyped                 ;
; SWITCH_OVER_COUNTER           ; 0                       ; Untyped                 ;
; SWITCH_OVER_TYPE              ; AUTO                    ; Untyped                 ;
; FEEDBACK_SOURCE               ; EXTCLK0                 ; Untyped                 ;
; BANDWIDTH                     ; 0                       ; Untyped                 ;
; BANDWIDTH_TYPE                ; AUTO                    ; Untyped                 ;
; SPREAD_FREQUENCY              ; 0                       ; Untyped                 ;
; DOWN_SPREAD                   ; 0                       ; Untyped                 ;
; SELF_RESET_ON_GATED_LOSS_LOCK ; OFF                     ; Untyped                 ;
; SELF_RESET_ON_LOSS_LOCK       ; OFF                     ; Untyped                 ;
; CLK9_MULTIPLY_BY              ; 0                       ; Untyped                 ;
; CLK8_MULTIPLY_BY              ; 0                       ; Untyped                 ;
; CLK7_MULTIPLY_BY              ; 0                       ; Untyped                 ;
; CLK6_MULTIPLY_BY              ; 0                       ; Untyped                 ;
; CLK5_MULTIPLY_BY              ; 1                       ; Untyped                 ;
; CLK4_MULTIPLY_BY              ; 1                       ; Untyped                 ;
; CLK3_MULTIPLY_BY              ; 1                       ; Untyped                 ;
; CLK2_MULTIPLY_BY              ; 1                       ; Untyped                 ;
; CLK1_MULTIPLY_BY              ; 1                       ; Untyped                 ;
; CLK0_MULTIPLY_BY              ; 2                       ; Signed Integer          ;
; CLK9_DIVIDE_BY                ; 0                       ; Untyped                 ;
; CLK8_DIVIDE_BY                ; 0                       ; Untyped                 ;
; CLK7_DIVIDE_BY                ; 0                       ; Untyped                 ;
; CLK6_DIVIDE_BY                ; 0                       ; Untyped                 ;
; CLK5_DIVIDE_BY                ; 1                       ; Untyped                 ;
; CLK4_DIVIDE_BY                ; 1                       ; Untyped                 ;
; CLK3_DIVIDE_BY                ; 1                       ; Untyped                 ;
; CLK2_DIVIDE_BY                ; 1                       ; Untyped                 ;
; CLK1_DIVIDE_BY                ; 1                       ; Untyped                 ;
; CLK0_DIVIDE_BY                ; 1                       ; Signed Integer          ;
; CLK9_PHASE_SHIFT              ; 0                       ; Untyped                 ;
; CLK8_PHASE_SHIFT              ; 0                       ; Untyped                 ;
; CLK7_PHASE_SHIFT              ; 0                       ; Untyped                 ;
; CLK6_PHASE_SHIFT              ; 0                       ; Untyped                 ;
; CLK5_PHASE_SHIFT              ; 0                       ; Untyped                 ;
; CLK4_PHASE_SHIFT              ; 0                       ; Untyped                 ;
; CLK3_PHASE_SHIFT              ; 0                       ; Untyped                 ;
; CLK2_PHASE_SHIFT              ; 0                       ; Untyped                 ;
; CLK1_PHASE_SHIFT              ; 0                       ; Untyped                 ;
; CLK0_PHASE_SHIFT              ; 0                       ; Untyped                 ;
; CLK5_TIME_DELAY               ; 0                       ; Untyped                 ;
; CLK4_TIME_DELAY               ; 0                       ; Untyped                 ;
; CLK3_TIME_DELAY               ; 0                       ; Untyped                 ;
; CLK2_TIME_DELAY               ; 0                       ; Untyped                 ;
; CLK1_TIME_DELAY               ; 0                       ; Untyped                 ;
; CLK0_TIME_DELAY               ; 0                       ; Untyped                 ;
; CLK9_DUTY_CYCLE               ; 50                      ; Untyped                 ;
; CLK8_DUTY_CYCLE               ; 50                      ; Untyped                 ;
; CLK7_DUTY_CYCLE               ; 50                      ; Untyped                 ;
; CLK6_DUTY_CYCLE               ; 50                      ; Untyped                 ;
; CLK5_DUTY_CYCLE               ; 50                      ; Untyped                 ;
; CLK4_DUTY_CYCLE               ; 50                      ; Untyped                 ;
; CLK3_DUTY_CYCLE               ; 50                      ; Untyped                 ;
; CLK2_DUTY_CYCLE               ; 50                      ; Untyped                 ;
; CLK1_DUTY_CYCLE               ; 50                      ; Untyped                 ;
; CLK0_DUTY_CYCLE               ; 50                      ; Signed Integer          ;
; CLK9_USE_EVEN_COUNTER_MODE    ; OFF                     ; Untyped                 ;
; CLK8_USE_EVEN_COUNTER_MODE    ; OFF                     ; Untyped                 ;
; CLK7_USE_EVEN_COUNTER_MODE    ; OFF                     ; Untyped                 ;
; CLK6_USE_EVEN_COUNTER_MODE    ; OFF                     ; Untyped                 ;
; CLK5_USE_EVEN_COUNTER_MODE    ; OFF                     ; Untyped                 ;
; CLK4_USE_EVEN_COUNTER_MODE    ; OFF                     ; Untyped                 ;
; CLK3_USE_EVEN_COUNTER_MODE    ; OFF                     ; Untyped                 ;
; CLK2_USE_EVEN_COUNTER_MODE    ; OFF                     ; Untyped                 ;
; CLK1_USE_EVEN_COUNTER_MODE    ; OFF                     ; Untyped                 ;
; CLK0_USE_EVEN_COUNTER_MODE    ; OFF                     ; Untyped                 ;
; CLK9_USE_EVEN_COUNTER_VALUE   ; OFF                     ; Untyped                 ;
; CLK8_USE_EVEN_COUNTER_VALUE   ; OFF                     ; Untyped                 ;
; CLK7_USE_EVEN_COUNTER_VALUE   ; OFF                     ; Untyped                 ;
; CLK6_USE_EVEN_COUNTER_VALUE   ; OFF                     ; Untyped                 ;
; CLK5_USE_EVEN_COUNTER_VALUE   ; OFF                     ; Untyped                 ;
; CLK4_USE_EVEN_COUNTER_VALUE   ; OFF                     ; Untyped                 ;
; CLK3_USE_EVEN_COUNTER_VALUE   ; OFF                     ; Untyped                 ;
; CLK2_USE_EVEN_COUNTER_VALUE   ; OFF                     ; Untyped                 ;
; CLK1_USE_EVEN_COUNTER_VALUE   ; OFF                     ; Untyped                 ;
; CLK0_USE_EVEN_COUNTER_VALUE   ; OFF                     ; Untyped                 ;
; LOCK_WINDOW_UI                ;  0.05                   ; Untyped                 ;
; LOCK_WINDOW_UI_BITS           ; UNUSED                  ; Untyped                 ;
; VCO_RANGE_DETECTOR_LOW_BITS   ; UNUSED                  ; Untyped                 ;
; VCO_RANGE_DETECTOR_HIGH_BITS  ; UNUSED                  ; Untyped                 ;
; DPA_MULTIPLY_BY               ; 0                       ; Untyped                 ;
; DPA_DIVIDE_BY                 ; 1                       ; Untyped                 ;
; DPA_DIVIDER                   ; 0                       ; Untyped                 ;
; EXTCLK3_MULTIPLY_BY           ; 1                       ; Untyped                 ;
; EXTCLK2_MULTIPLY_BY           ; 1                       ; Untyped                 ;
; EXTCLK1_MULTIPLY_BY           ; 1                       ; Untyped                 ;
; EXTCLK0_MULTIPLY_BY           ; 1                       ; Untyped                 ;
; EXTCLK3_DIVIDE_BY             ; 1                       ; Untyped                 ;
; EXTCLK2_DIVIDE_BY             ; 1                       ; Untyped                 ;
; EXTCLK1_DIVIDE_BY             ; 1                       ; Untyped                 ;
; EXTCLK0_DIVIDE_BY             ; 1                       ; Untyped                 ;
; EXTCLK3_PHASE_SHIFT           ; 0                       ; Untyped                 ;
; EXTCLK2_PHASE_SHIFT           ; 0                       ; Untyped                 ;
; EXTCLK1_PHASE_SHIFT           ; 0                       ; Untyped                 ;
; EXTCLK0_PHASE_SHIFT           ; 0                       ; Untyped                 ;
; EXTCLK3_TIME_DELAY            ; 0                       ; Untyped                 ;
; EXTCLK2_TIME_DELAY            ; 0                       ; Untyped                 ;
; EXTCLK1_TIME_DELAY            ; 0                       ; Untyped                 ;
; EXTCLK0_TIME_DELAY            ; 0                       ; Untyped                 ;
; EXTCLK3_DUTY_CYCLE            ; 50                      ; Untyped                 ;
; EXTCLK2_DUTY_CYCLE            ; 50                      ; Untyped                 ;
; EXTCLK1_DUTY_CYCLE            ; 50                      ; Untyped                 ;
; EXTCLK0_DUTY_CYCLE            ; 50                      ; Untyped                 ;
; VCO_MULTIPLY_BY               ; 0                       ; Untyped                 ;
; VCO_DIVIDE_BY                 ; 0                       ; Untyped                 ;
; SCLKOUT0_PHASE_SHIFT          ; 0                       ; Untyped                 ;
; SCLKOUT1_PHASE_SHIFT          ; 0                       ; Untyped                 ;
; VCO_MIN                       ; 0                       ; Untyped                 ;
; VCO_MAX                       ; 0                       ; Untyped                 ;
; VCO_CENTER                    ; 0                       ; Untyped                 ;
; PFD_MIN                       ; 0                       ; Untyped                 ;
; PFD_MAX                       ; 0                       ; Untyped                 ;
; M_INITIAL                     ; 0                       ; Untyped                 ;
; M                             ; 0                       ; Untyped                 ;
; N                             ; 1                       ; Untyped                 ;
; M2                            ; 1                       ; Untyped                 ;
; N2                            ; 1                       ; Untyped                 ;
; SS                            ; 1                       ; Untyped                 ;
; C0_HIGH                       ; 0                       ; Untyped                 ;
; C1_HIGH                       ; 0                       ; Untyped                 ;
; C2_HIGH                       ; 0                       ; Untyped                 ;
; C3_HIGH                       ; 0                       ; Untyped                 ;
; C4_HIGH                       ; 0                       ; Untyped                 ;
; C5_HIGH                       ; 0                       ; Untyped                 ;
; C6_HIGH                       ; 0                       ; Untyped                 ;
; C7_HIGH                       ; 0                       ; Untyped                 ;
; C8_HIGH                       ; 0                       ; Untyped                 ;
; C9_HIGH                       ; 0                       ; Untyped                 ;
; C0_LOW                        ; 0                       ; Untyped                 ;
; C1_LOW                        ; 0                       ; Untyped                 ;
; C2_LOW                        ; 0                       ; Untyped                 ;
; C3_LOW                        ; 0                       ; Untyped                 ;
; C4_LOW                        ; 0                       ; Untyped                 ;
; C5_LOW                        ; 0                       ; Untyped                 ;
; C6_LOW                        ; 0                       ; Untyped                 ;
; C7_LOW                        ; 0                       ; Untyped                 ;
; C8_LOW                        ; 0                       ; Untyped                 ;
; C9_LOW                        ; 0                       ; Untyped                 ;
; C0_INITIAL                    ; 0                       ; Untyped                 ;
; C1_INITIAL                    ; 0                       ; Untyped                 ;
; C2_INITIAL                    ; 0                       ; Untyped                 ;
; C3_INITIAL                    ; 0                       ; Untyped                 ;
; C4_INITIAL                    ; 0                       ; Untyped                 ;
; C5_INITIAL                    ; 0                       ; Untyped                 ;
; C6_INITIAL                    ; 0                       ; Untyped                 ;
; C7_INITIAL                    ; 0                       ; Untyped                 ;
; C8_INITIAL                    ; 0                       ; Untyped                 ;
; C9_INITIAL                    ; 0                       ; Untyped                 ;
; C0_MODE                       ; BYPASS                  ; Untyped                 ;
; C1_MODE                       ; BYPASS                  ; Untyped                 ;
; C2_MODE                       ; BYPASS                  ; Untyped                 ;
; C3_MODE                       ; BYPASS                  ; Untyped                 ;
; C4_MODE                       ; BYPASS                  ; Untyped                 ;
; C5_MODE                       ; BYPASS                  ; Untyped                 ;
; C6_MODE                       ; BYPASS                  ; Untyped                 ;
; C7_MODE                       ; BYPASS                  ; Untyped                 ;
; C8_MODE                       ; BYPASS                  ; Untyped                 ;
; C9_MODE                       ; BYPASS                  ; Untyped                 ;
; C0_PH                         ; 0                       ; Untyped                 ;
; C1_PH                         ; 0                       ; Untyped                 ;
; C2_PH                         ; 0                       ; Untyped                 ;
; C3_PH                         ; 0                       ; Untyped                 ;
; C4_PH                         ; 0                       ; Untyped                 ;
; C5_PH                         ; 0                       ; Untyped                 ;
; C6_PH                         ; 0                       ; Untyped                 ;
; C7_PH                         ; 0                       ; Untyped                 ;
; C8_PH                         ; 0                       ; Untyped                 ;
; C9_PH                         ; 0                       ; Untyped                 ;
; L0_HIGH                       ; 1                       ; Untyped                 ;
; L1_HIGH                       ; 1                       ; Untyped                 ;
; G0_HIGH                       ; 1                       ; Untyped                 ;
; G1_HIGH                       ; 1                       ; Untyped                 ;
; G2_HIGH                       ; 1                       ; Untyped                 ;
; G3_HIGH                       ; 1                       ; Untyped                 ;
; E0_HIGH                       ; 1                       ; Untyped                 ;
; E1_HIGH                       ; 1                       ; Untyped                 ;
; E2_HIGH                       ; 1                       ; Untyped                 ;
; E3_HIGH                       ; 1                       ; Untyped                 ;
; L0_LOW                        ; 1                       ; Untyped                 ;
; L1_LOW                        ; 1                       ; Untyped                 ;
; G0_LOW                        ; 1                       ; Untyped                 ;
; G1_LOW                        ; 1                       ; Untyped                 ;
; G2_LOW                        ; 1                       ; Untyped                 ;
; G3_LOW                        ; 1                       ; Untyped                 ;
; E0_LOW                        ; 1                       ; Untyped                 ;
; E1_LOW                        ; 1                       ; Untyped                 ;
; E2_LOW                        ; 1                       ; Untyped                 ;
; E3_LOW                        ; 1                       ; Untyped                 ;
; L0_INITIAL                    ; 1                       ; Untyped                 ;
; L1_INITIAL                    ; 1                       ; Untyped                 ;
; G0_INITIAL                    ; 1                       ; Untyped                 ;
; G1_INITIAL                    ; 1                       ; Untyped                 ;
; G2_INITIAL                    ; 1                       ; Untyped                 ;
; G3_INITIAL                    ; 1                       ; Untyped                 ;
; E0_INITIAL                    ; 1                       ; Untyped                 ;
; E1_INITIAL                    ; 1                       ; Untyped                 ;
; E2_INITIAL                    ; 1                       ; Untyped                 ;
; E3_INITIAL                    ; 1                       ; Untyped                 ;
; L0_MODE                       ; BYPASS                  ; Untyped                 ;
; L1_MODE                       ; BYPASS                  ; Untyped                 ;
; G0_MODE                       ; BYPASS                  ; Untyped                 ;
; G1_MODE                       ; BYPASS                  ; Untyped                 ;
; G2_MODE                       ; BYPASS                  ; Untyped                 ;
; G3_MODE                       ; BYPASS                  ; Untyped                 ;
; E0_MODE                       ; BYPASS                  ; Untyped                 ;
; E1_MODE                       ; BYPASS                  ; Untyped                 ;
; E2_MODE                       ; BYPASS                  ; Untyped                 ;
; E3_MODE                       ; BYPASS                  ; Untyped                 ;
; L0_PH                         ; 0                       ; Untyped                 ;
; L1_PH                         ; 0                       ; Untyped                 ;
; G0_PH                         ; 0                       ; Untyped                 ;
; G1_PH                         ; 0                       ; Untyped                 ;
; G2_PH                         ; 0                       ; Untyped                 ;
; G3_PH                         ; 0                       ; Untyped                 ;
; E0_PH                         ; 0                       ; Untyped                 ;
; E1_PH                         ; 0                       ; Untyped                 ;
; E2_PH                         ; 0                       ; Untyped                 ;
; E3_PH                         ; 0                       ; Untyped                 ;
; M_PH                          ; 0                       ; Untyped                 ;
; C1_USE_CASC_IN                ; OFF                     ; Untyped                 ;
; C2_USE_CASC_IN                ; OFF                     ; Untyped                 ;
; C3_USE_CASC_IN                ; OFF                     ; Untyped                 ;
; C4_USE_CASC_IN                ; OFF                     ; Untyped                 ;
; C5_USE_CASC_IN                ; OFF                     ; Untyped                 ;
; C6_USE_CASC_IN                ; OFF                     ; Untyped                 ;
; C7_USE_CASC_IN                ; OFF                     ; Untyped                 ;
; C8_USE_CASC_IN                ; OFF                     ; Untyped                 ;
; C9_USE_CASC_IN                ; OFF                     ; Untyped                 ;
; CLK0_COUNTER                  ; G0                      ; Untyped                 ;
; CLK1_COUNTER                  ; G0                      ; Untyped                 ;
; CLK2_COUNTER                  ; G0                      ; Untyped                 ;
; CLK3_COUNTER                  ; G0                      ; Untyped                 ;
; CLK4_COUNTER                  ; G0                      ; Untyped                 ;
; CLK5_COUNTER                  ; G0                      ; Untyped                 ;
; CLK6_COUNTER                  ; E0                      ; Untyped                 ;
; CLK7_COUNTER                  ; E1                      ; Untyped                 ;
; CLK8_COUNTER                  ; E2                      ; Untyped                 ;
; CLK9_COUNTER                  ; E3                      ; Untyped                 ;
; L0_TIME_DELAY                 ; 0                       ; Untyped                 ;
; L1_TIME_DELAY                 ; 0                       ; Untyped                 ;
; G0_TIME_DELAY                 ; 0                       ; Untyped                 ;
; G1_TIME_DELAY                 ; 0                       ; Untyped                 ;
; G2_TIME_DELAY                 ; 0                       ; Untyped                 ;
; G3_TIME_DELAY                 ; 0                       ; Untyped                 ;
; E0_TIME_DELAY                 ; 0                       ; Untyped                 ;
; E1_TIME_DELAY                 ; 0                       ; Untyped                 ;
; E2_TIME_DELAY                 ; 0                       ; Untyped                 ;
; E3_TIME_DELAY                 ; 0                       ; Untyped                 ;
; M_TIME_DELAY                  ; 0                       ; Untyped                 ;
; N_TIME_DELAY                  ; 0                       ; Untyped                 ;
; EXTCLK3_COUNTER               ; E3                      ; Untyped                 ;
; EXTCLK2_COUNTER               ; E2                      ; Untyped                 ;
; EXTCLK1_COUNTER               ; E1                      ; Untyped                 ;
; EXTCLK0_COUNTER               ; E0                      ; Untyped                 ;
; ENABLE0_COUNTER               ; L0                      ; Untyped                 ;
; ENABLE1_COUNTER               ; L0                      ; Untyped                 ;
; CHARGE_PUMP_CURRENT           ; 2                       ; Untyped                 ;
; LOOP_FILTER_R                 ;  1.000000               ; Untyped                 ;
; LOOP_FILTER_C                 ; 5                       ; Untyped                 ;
; CHARGE_PUMP_CURRENT_BITS      ; 9999                    ; Untyped                 ;
; LOOP_FILTER_R_BITS            ; 9999                    ; Untyped                 ;
; LOOP_FILTER_C_BITS            ; 9999                    ; Untyped                 ;
; VCO_POST_SCALE                ; 0                       ; Untyped                 ;
; CLK2_OUTPUT_FREQUENCY         ; 0                       ; Untyped                 ;
; CLK1_OUTPUT_FREQUENCY         ; 0                       ; Untyped                 ;
; CLK0_OUTPUT_FREQUENCY         ; 0                       ; Untyped                 ;
; INTENDED_DEVICE_FAMILY        ; Cyclone IV E            ; Untyped                 ;
; PORT_CLKENA0                  ; PORT_UNUSED             ; Untyped                 ;
; PORT_CLKENA1                  ; PORT_UNUSED             ; Untyped                 ;
; PORT_CLKENA2                  ; PORT_UNUSED             ; Untyped                 ;
; PORT_CLKENA3                  ; PORT_UNUSED             ; Untyped                 ;
; PORT_CLKENA4                  ; PORT_UNUSED             ; Untyped                 ;
; PORT_CLKENA5                  ; PORT_UNUSED             ; Untyped                 ;
; PORT_EXTCLKENA0               ; PORT_CONNECTIVITY       ; Untyped                 ;
; PORT_EXTCLKENA1               ; PORT_CONNECTIVITY       ; Untyped                 ;
; PORT_EXTCLKENA2               ; PORT_CONNECTIVITY       ; Untyped                 ;
; PORT_EXTCLKENA3               ; PORT_CONNECTIVITY       ; Untyped                 ;
; PORT_EXTCLK0                  ; PORT_UNUSED             ; Untyped                 ;
; PORT_EXTCLK1                  ; PORT_UNUSED             ; Untyped                 ;
; PORT_EXTCLK2                  ; PORT_UNUSED             ; Untyped                 ;
; PORT_EXTCLK3                  ; PORT_UNUSED             ; Untyped                 ;
; PORT_CLKBAD0                  ; PORT_UNUSED             ; Untyped                 ;
; PORT_CLKBAD1                  ; PORT_UNUSED             ; Untyped                 ;
; PORT_CLK0                     ; PORT_USED               ; Untyped                 ;
; PORT_CLK1                     ; PORT_UNUSED             ; Untyped                 ;
; PORT_CLK2                     ; PORT_UNUSED             ; Untyped                 ;
; PORT_CLK3                     ; PORT_UNUSED             ; Untyped                 ;
; PORT_CLK4                     ; PORT_UNUSED             ; Untyped                 ;
; PORT_CLK5                     ; PORT_UNUSED             ; Untyped                 ;
; PORT_CLK6                     ; PORT_UNUSED             ; Untyped                 ;
; PORT_CLK7                     ; PORT_UNUSED             ; Untyped                 ;
; PORT_CLK8                     ; PORT_UNUSED             ; Untyped                 ;
; PORT_CLK9                     ; PORT_UNUSED             ; Untyped                 ;
; PORT_SCANDATA                 ; PORT_UNUSED             ; Untyped                 ;
; PORT_SCANDATAOUT              ; PORT_UNUSED             ; Untyped                 ;
; PORT_SCANDONE                 ; PORT_UNUSED             ; Untyped                 ;
; PORT_SCLKOUT1                 ; PORT_CONNECTIVITY       ; Untyped                 ;
; PORT_SCLKOUT0                 ; PORT_CONNECTIVITY       ; Untyped                 ;
; PORT_ACTIVECLOCK              ; PORT_UNUSED             ; Untyped                 ;
; PORT_CLKLOSS                  ; PORT_UNUSED             ; Untyped                 ;
; PORT_INCLK1                   ; PORT_UNUSED             ; Untyped                 ;
; PORT_INCLK0                   ; PORT_USED               ; Untyped                 ;
; PORT_FBIN                     ; PORT_UNUSED             ; Untyped                 ;
; PORT_PLLENA                   ; PORT_UNUSED             ; Untyped                 ;
; PORT_CLKSWITCH                ; PORT_UNUSED             ; Untyped                 ;
; PORT_ARESET                   ; PORT_UNUSED             ; Untyped                 ;
; PORT_PFDENA                   ; PORT_UNUSED             ; Untyped                 ;
; PORT_SCANCLK                  ; PORT_UNUSED             ; Untyped                 ;
; PORT_SCANACLR                 ; PORT_UNUSED             ; Untyped                 ;
; PORT_SCANREAD                 ; PORT_UNUSED             ; Untyped                 ;
; PORT_SCANWRITE                ; PORT_UNUSED             ; Untyped                 ;
; PORT_ENABLE0                  ; PORT_CONNECTIVITY       ; Untyped                 ;
; PORT_ENABLE1                  ; PORT_CONNECTIVITY       ; Untyped                 ;
; PORT_LOCKED                   ; PORT_UNUSED             ; Untyped                 ;
; PORT_CONFIGUPDATE             ; PORT_UNUSED             ; Untyped                 ;
; PORT_FBOUT                    ; PORT_CONNECTIVITY       ; Untyped                 ;
; PORT_PHASEDONE                ; PORT_UNUSED             ; Untyped                 ;
; PORT_PHASESTEP                ; PORT_UNUSED             ; Untyped                 ;
; PORT_PHASEUPDOWN              ; PORT_UNUSED             ; Untyped                 ;
; PORT_SCANCLKENA               ; PORT_UNUSED             ; Untyped                 ;
; PORT_PHASECOUNTERSELECT       ; PORT_UNUSED             ; Untyped                 ;
; PORT_VCOOVERRANGE             ; PORT_CONNECTIVITY       ; Untyped                 ;
; PORT_VCOUNDERRANGE            ; PORT_CONNECTIVITY       ; Untyped                 ;
; M_TEST_SOURCE                 ; 5                       ; Untyped                 ;
; C0_TEST_SOURCE                ; 5                       ; Untyped                 ;
; C1_TEST_SOURCE                ; 5                       ; Untyped                 ;
; C2_TEST_SOURCE                ; 5                       ; Untyped                 ;
; C3_TEST_SOURCE                ; 5                       ; Untyped                 ;
; C4_TEST_SOURCE                ; 5                       ; Untyped                 ;
; C5_TEST_SOURCE                ; 5                       ; Untyped                 ;
; C6_TEST_SOURCE                ; 5                       ; Untyped                 ;
; C7_TEST_SOURCE                ; 5                       ; Untyped                 ;
; C8_TEST_SOURCE                ; 5                       ; Untyped                 ;
; C9_TEST_SOURCE                ; 5                       ; Untyped                 ;
; CBXI_PARAMETER                ; PLL_2_altpll            ; Untyped                 ;
; VCO_FREQUENCY_CONTROL         ; AUTO                    ; Untyped                 ;
; VCO_PHASE_SHIFT_STEP          ; 0                       ; Untyped                 ;
; WIDTH_CLOCK                   ; 5                       ; Signed Integer          ;
; WIDTH_PHASECOUNTERSELECT      ; 4                       ; Untyped                 ;
; USING_FBMIMICBIDIR_PORT       ; OFF                     ; Untyped                 ;
; DEVICE_FAMILY                 ; Cyclone IV E            ; Untyped                 ;
; SCAN_CHAIN_MIF_FILE           ; UNUSED                  ; Untyped                 ;
; SIM_GATE_LOCK_DEVICE_BEHAVIOR ; OFF                     ; Untyped                 ;
; AUTO_CARRY_CHAINS             ; ON                      ; AUTO_CARRY              ;
; IGNORE_CARRY_BUFFERS          ; OFF                     ; IGNORE_CARRY            ;
; AUTO_CASCADE_CHAINS           ; ON                      ; AUTO_CASCADE            ;
; IGNORE_CASCADE_BUFFERS        ; OFF                     ; IGNORE_CASCADE          ;
+-------------------------------+-------------------------+-------------------------+
Note: In order to hide this table in the UI and the text report file, please set the "Show Parameter Settings in Synthesis Report" option in "Analysis and Synthesis Settings -> More Settings" to "Off".


+----------------------------------------------------------------------+
; altpll Parameter Settings by Entity Instance                         ;
+-------------------------------+--------------------------------------+
; Name                          ; Value                                ;
+-------------------------------+--------------------------------------+
; Number of entity instances    ; 1                                    ;
; Entity Instance               ; PLL_2:inst15|altpll:altpll_component ;
;     -- OPERATION_MODE         ; NORMAL                               ;
;     -- PLL_TYPE               ; AUTO                                 ;
;     -- PRIMARY_CLOCK          ; INCLK0                               ;
;     -- INCLK0_INPUT_FREQUENCY ; 20000                                ;
;     -- INCLK1_INPUT_FREQUENCY ; 0                                    ;
;     -- VCO_MULTIPLY_BY        ; 0                                    ;
;     -- VCO_DIVIDE_BY          ; 0                                    ;
+-------------------------------+--------------------------------------+


+-------------------------------+
; Elapsed Time Per Partition    ;
+----------------+--------------+
; Partition Name ; Elapsed Time ;
+----------------+--------------+
; Top            ; 00:00:05     ;
+----------------+--------------+


+-------------------------------+
; Analysis & Synthesis Messages ;
+-------------------------------+
Info: *******************************************************************
Info: Running Quartus II Analysis & Synthesis
    Info: Version 11.0 Build 208 07/03/2011 Service Pack 1 SJ Full Version
    Info: Processing started: Wed Feb 26 16:44:54 2014
Info: Command: quartus_map --read_settings_files=on --write_settings_files=off OV_7620 -c OV_7620
Info: Parallel compilation is enabled and will use 2 of the 2 processors detected
Warning: Can't analyze file -- file VGA_sync_module.v is missing
Warning: Can't analyze file -- file vga_control_module.v is missing
Warning: Can't analyze file -- file IIC_module.v is missing
Warning: Can't analyze file -- file collect_module.v is missing
Warning (10238): Verilog Module Declaration warning at VSYNC_init_module.v(9): ignored anonymous port(s) indicated by duplicate or dangling comma(s) in the port list for module "VSYNC_init_module"
Info: Found 1 design units, including 1 entities, in source file vsync_init_module.v
    Info: Found entity 1: VSYNC_init_module
Info: Found 1 design units, including 1 entities, in source file href_init_module.v
    Info: Found entity 1: HREF_init_module
Info: Found 1 design units, including 1 entities, in source file pclk_init_module.v
    Info: Found entity 1: PCLK_init_module
Warning: Can't analyze file -- file Sram_module.v is missing
Warning: Can't analyze file -- file Sram_Tr_module.v is missing
Warning: Can't analyze file -- file H:/EP4CE15/QuartusA/VERILOG/1_module/Experiment/09_vga/03-vga_module_pic/source/Sram_Re_module.v is missing
Warning: Can't analyze file -- file Sram_Re_module.v is missing
Warning: Can't analyze file -- file VGA/vga_control_module.v is missing
Info: Found 1 design units, including 1 entities, in source file vga/vga_sync_module.v
    Info: Found entity 1: VGA_sync_module
Info: Found 1 design units, including 1 entities, in source file pll.v
    Info: Found entity 1: PLL
Info: Found 1 design units, including 1 entities, in source file ov_7620_bdf.bdf
    Info: Found entity 1: OV_7620_BDF
Info: Found 1 design units, including 1 entities, in source file pll_module.v
    Info: Found entity 1: pll_module
Warning (10090): Verilog HDL syntax warning at SRAM_Control_module.v(34): extra block comment delimiter characters /* within block comment
Warning (10090): Verilog HDL syntax warning at SRAM_Control_module.v(44): extra block comment delimiter characters /* within block comment
Info: Found 1 design units, including 1 entities, in source file sram_control_module.v
    Info: Found entity 1: SRAM_Control_module
Info: Found 1 design units, including 1 entities, in source file pll_2.v
    Info: Found entity 1: PLL_2
Warning (10229): Verilog HDL Expression warning at SRAM_Control_module_1.v(133): truncated literal to match 8 bits
Warning (10238): Verilog Module Declaration warning at SRAM_Control_module_1.v(15): ignored anonymous port(s) indicated by duplicate or dangling comma(s) in the port list for module "SRAM_Control_module_1"
Info: Found 1 design units, including 1 entities, in source file sram_control_module_1.v
    Info: Found entity 1: SRAM_Control_module_1
Info: Found 1 design units, including 1 entities, in source file sync_module.v
    Info: Found entity 1: sync_module
Warning (10236): Verilog HDL Implicit Net warning at SRAM_Control_module_1.v(188): created implicit net for "Red_Sig"
Warning (10236): Verilog HDL Implicit Net warning at SRAM_Control_module_1.v(189): created implicit net for "Green_Sig"
Warning (10236): Verilog HDL Implicit Net warning at SRAM_Control_module_1.v(190): created implicit net for "Blue_Sig"
Warning (10037): Verilog HDL or VHDL warning at SRAM_Control_module.v(66): conditional expression evaluates to a constant
Warning (10037): Verilog HDL or VHDL warning at SRAM_Control_module_1.v(55): conditional expression evaluates to a constant
Info: Elaborating entity "OV_7620_BDF" for the top level hierarchy
Info: Elaborating entity "sync_module" for hierarchy "sync_module:inst3"
Info: Elaborating entity "PLL_2" for hierarchy "PLL_2:inst15"
Info: Elaborating entity "altpll" for hierarchy "PLL_2:inst15|altpll:altpll_component"
Info: Elaborated megafunction instantiation "PLL_2:inst15|altpll:altpll_component"
Info: Instantiated megafunction "PLL_2:inst15|altpll:altpll_component" with the following parameter:
    Info: Parameter "bandwidth_type" = "AUTO"
    Info: Parameter "clk0_divide_by" = "1"
    Info: Parameter "clk0_duty_cycle" = "50"
    Info: Parameter "clk0_multiply_by" = "2"
    Info: Parameter "clk0_phase_shift" = "0"
    Info: Parameter "compensate_clock" = "CLK0"
    Info: Parameter "inclk0_input_frequency" = "20000"
    Info: Parameter "intended_device_family" = "Cyclone IV E"
    Info: Parameter "lpm_hint" = "CBX_MODULE_PREFIX=PLL_2"
    Info: Parameter "lpm_type" = "altpll"
    Info: Parameter "operation_mode" = "NORMAL"
    Info: Parameter "pll_type" = "AUTO"
    Info: Parameter "port_activeclock" = "PORT_UNUSED"
    Info: Parameter "port_areset" = "PORT_UNUSED"
    Info: Parameter "port_clkbad0" = "PORT_UNUSED"
    Info: Parameter "port_clkbad1" = "PORT_UNUSED"
    Info: Parameter "port_clkloss" = "PORT_UNUSED"
    Info: Parameter "port_clkswitch" = "PORT_UNUSED"
    Info: Parameter "port_configupdate" = "PORT_UNUSED"
    Info: Parameter "port_fbin" = "PORT_UNUSED"
    Info: Parameter "port_inclk0" = "PORT_USED"
    Info: Parameter "port_inclk1" = "PORT_UNUSED"
    Info: Parameter "port_locked" = "PORT_UNUSED"
    Info: Parameter "port_pfdena" = "PORT_UNUSED"
    Info: Parameter "port_phasecounterselect" = "PORT_UNUSED"
    Info: Parameter "port_phasedone" = "PORT_UNUSED"
    Info: Parameter "port_phasestep" = "PORT_UNUSED"
    Info: Parameter "port_phaseupdown" = "PORT_UNUSED"
    Info: Parameter "port_pllena" = "PORT_UNUSED"
    Info: Parameter "port_scanaclr" = "PORT_UNUSED"
    Info: Parameter "port_scanclk" = "PORT_UNUSED"
    Info: Parameter "port_scanclkena" = "PORT_UNUSED"
    Info: Parameter "port_scandata" = "PORT_UNUSED"
    Info: Parameter "port_scandataout" = "PORT_UNUSED"
    Info: Parameter "port_scandone" = "PORT_UNUSED"
    Info: Parameter "port_scanread" = "PORT_UNUSED"
    Info: Parameter "port_scanwrite" = "PORT_UNUSED"
    Info: Parameter "port_clk0" = "PORT_USED"
    Info: Parameter "port_clk1" = "PORT_UNUSED"
    Info: Parameter "port_clk2" = "PORT_UNUSED"
    Info: Parameter "port_clk3" = "PORT_UNUSED"
    Info: Parameter "port_clk4" = "PORT_UNUSED"
    Info: Parameter "port_clk5" = "PORT_UNUSED"
    Info: Parameter "port_clkena0" = "PORT_UNUSED"
    Info: Parameter "port_clkena1" = "PORT_UNUSED"
    Info: Parameter "port_clkena2" = "PORT_UNUSED"
    Info: Parameter "port_clkena3" = "PORT_UNUSED"
    Info: Parameter "port_clkena4" = "PORT_UNUSED"
    Info: Parameter "port_clkena5" = "PORT_UNUSED"
    Info: Parameter "port_extclk0" = "PORT_UNUSED"
    Info: Parameter "port_extclk1" = "PORT_UNUSED"
    Info: Parameter "port_extclk2" = "PORT_UNUSED"
    Info: Parameter "port_extclk3" = "PORT_UNUSED"
    Info: Parameter "width_clock" = "5"
Info: Found 1 design units, including 1 entities, in source file db/pll_2_altpll.v
    Info: Found entity 1: PLL_2_altpll
Info: Elaborating entity "PLL_2_altpll" for hierarchy "PLL_2:inst15|altpll:altpll_component|PLL_2_altpll:auto_generated"
Info: Elaborating entity "SRAM_Control_module" for hierarchy "SRAM_Control_module:inst2"
Info (10041): Inferred latch for "DataOut[0]" at SRAM_Control_module.v(184)
Info (10041): Inferred latch for "DataOut[1]" at SRAM_Control_module.v(184)
Info (10041): Inferred latch for "DataOut[2]" at SRAM_Control_module.v(184)
Info (10041): Inferred latch for "DataOut[3]" at SRAM_Control_module.v(184)
Info (10041): Inferred latch for "DataOut[4]" at SRAM_Control_module.v(184)
Info (10041): Inferred latch for "DataOut[5]" at SRAM_Control_module.v(184)
Info (10041): Inferred latch for "DataOut[6]" at SRAM_Control_module.v(184)
Info (10041): Inferred latch for "DataOut[7]" at SRAM_Control_module.v(184)
Info: Elaborating entity "VSYNC_init_module" for hierarchy "VSYNC_init_module:inst5"
Info: Elaborating entity "HREF_init_module" for hierarchy "HREF_init_module:inst"
Info: Elaborating entity "PCLK_init_module" for hierarchy "PCLK_init_module:inst1"
Info: Registers with preset signals will power-up high
Info: DEV_CLRn pin will set, and not reset, register with preset signal due to NOT Gate Push-Back
Warning: Output pins are stuck at VCC or GND
    Warning (13410): Pin "SRAM_BYTE[1]" is stuck at VCC
Info: Timing-Driven Synthesis is running
Info: Generated suppressed messages file G:/FPGA/FPGA_OV7620/OV_7620.map.smsg
Info: Generating hard_block partition "hard_block:auto_generated_inst"
    Info: Adding node "PLL_2:inst15|altpll:altpll_component|PLL_2_altpll:auto_generated|pll1"
Info: Implemented 406 device resources after synthesis - the final resource count might be different
    Info: Implemented 13 input pins
    Info: Implemented 28 output pins
    Info: Implemented 8 bidirectional pins
    Info: Implemented 356 logic cells
    Info: Implemented 1 PLLs
Info: Quartus II Analysis & Synthesis was successful. 0 errors, 21 warnings
    Info: Peak virtual memory: 263 megabytes
    Info: Processing ended: Wed Feb 26 16:44:59 2014
    Info: Elapsed time: 00:00:05
    Info: Total CPU time (on all processors): 00:00:05


+------------------------------------------+
; Analysis & Synthesis Suppressed Messages ;
+------------------------------------------+
The suppressed messages can be found in G:/FPGA/FPGA_OV7620/OV_7620.map.smsg.


