Flow report for SRAM
Sun Apr 13 22:42:12 2014
Quartus II Version 11.0 Build 208 07/03/2011 Service Pack 1 SJ Full Version


---------------------
; Table of Contents ;
---------------------
  1. Legal Notice
  2. Flow Summary
  3. Flow Settings
  4. Flow Non-Default Global Settings
  5. Flow Elapsed Time
  6. Flow OS Summary
  7. Flow Log



----------------
; Legal Notice ;
----------------
Copyright (C) 1991-2011 Altera Corporation
Your use of Altera Corporation's design tools, logic functions 
and other software and tools, and its AMPP partner logic 
functions, and any output files from any of the foregoing 
(including device programming or simulation files), and any 
associated documentation or information are expressly subject 
to the terms and conditions of the Altera Program License 
Subscription Agreement, Altera MegaCore Function License 
Agreement, or other applicable license agreement, including, 
without limitation, that your use is for the sole purpose of 
programming logic devices manufactured by Altera and sold by 
Altera or its authorized distributors.  Please refer to the 
applicable agreement for further details.



+-------------------------------------------------------------------------------------+
; Flow Summary                                                                        ;
+------------------------------------+------------------------------------------------+
; Flow Status                        ; Successful - Sun Apr 13 22:42:08 2014          ;
; Quartus II Version                 ; 11.0 Build 208 07/03/2011 SP 1 SJ Full Version ;
; Revision Name                      ; SRAM                                           ;
; Top-level Entity Name              ; SRAM_fangxin_LED_test                          ;
; Family                             ; Cyclone IV E                                   ;
; Device                             ; EP4CE15F17C8                                   ;
; Timing Models                      ; Final                                          ;
; Total logic elements               ; 43 / 15,408 ( < 1 % )                          ;
;     Total combinational functions  ; 38 / 15,408 ( < 1 % )                          ;
;     Dedicated logic registers      ; 30 / 15,408 ( < 1 % )                          ;
; Total registers                    ; 30                                             ;
; Total pins                         ; 31 / 166 ( 19 % )                              ;
; Total virtual pins                 ; 0                                              ;
; Total memory bits                  ; 0 / 516,096 ( 0 % )                            ;
; Embedded Multiplier 9-bit elements ; 0 / 112 ( 0 % )                                ;
; Total PLLs                         ; 1 / 4 ( 25 % )                                 ;
+------------------------------------+------------------------------------------------+


+-----------------------------------------+
; Flow Settings                           ;
+-------------------+---------------------+
; Option            ; Setting             ;
+-------------------+---------------------+
; Start date & time ; 04/13/2014 22:41:51 ;
; Main task         ; Compilation         ;
; Revision Name     ; SRAM                ;
+-------------------+---------------------+


+---------------------------------------------------------------------------------------------------------------------------+
; Flow Non-Default Global Settings                                                                                          ;
+-------------------------------------+--------------------------------+---------------+-----------------------+------------+
; Assignment Name                     ; Value                          ; Default Value ; Entity Name           ; Section Id ;
+-------------------------------------+--------------------------------+---------------+-----------------------+------------+
; COMPILER_SIGNATURE_ID               ; 51013964237182.139740011006048 ; --            ; --                    ; --         ;
; IP_TOOL_NAME                        ; ALTPLL                         ; --            ; --                    ; --         ;
; IP_TOOL_NAME                        ; ALTPLL                         ; --            ; --                    ; --         ;
; IP_TOOL_NAME                        ; ALTPLL                         ; --            ; --                    ; --         ;
; IP_TOOL_VERSION                     ; 11.0                           ; --            ; --                    ; --         ;
; IP_TOOL_VERSION                     ; 11.0                           ; --            ; --                    ; --         ;
; IP_TOOL_VERSION                     ; 11.0                           ; --            ; --                    ; --         ;
; MAX_CORE_JUNCTION_TEMP              ; 85                             ; --            ; --                    ; --         ;
; MIN_CORE_JUNCTION_TEMP              ; 0                              ; --            ; --                    ; --         ;
; MISC_FILE                           ; PLL.bsf                        ; --            ; --                    ; --         ;
; MISC_FILE                           ; PLL_bb.v                       ; --            ; --                    ; --         ;
; MISC_FILE                           ; PLL.ppf                        ; --            ; --                    ; --         ;
; MISC_FILE                           ; PLL_120M.bsf                   ; --            ; --                    ; --         ;
; MISC_FILE                           ; PLL_120M_bb.v                  ; --            ; --                    ; --         ;
; MISC_FILE                           ; PLL_120M.ppf                   ; --            ; --                    ; --         ;
; MISC_FILE                           ; PLL_150M.bsf                   ; --            ; --                    ; --         ;
; MISC_FILE                           ; PLL_150M_bb.v                  ; --            ; --                    ; --         ;
; MISC_FILE                           ; PLL_150M.ppf                   ; --            ; --                    ; --         ;
; OUTPUT_IO_TIMING_FAR_END_VMEAS      ; Half Signal Swing              ; --            ; --                    ; --         ;
; OUTPUT_IO_TIMING_FAR_END_VMEAS      ; Half Signal Swing              ; --            ; --                    ; --         ;
; OUTPUT_IO_TIMING_NEAR_END_VMEAS     ; Half Vccio                     ; --            ; --                    ; --         ;
; OUTPUT_IO_TIMING_NEAR_END_VMEAS     ; Half Vccio                     ; --            ; --                    ; --         ;
; PARTITION_COLOR                     ; 16764057                       ; --            ; SRAM_fangxin_LED_test ; Top        ;
; PARTITION_FITTER_PRESERVATION_LEVEL ; PLACEMENT_AND_ROUTING          ; --            ; SRAM_fangxin_LED_test ; Top        ;
; PARTITION_NETLIST_TYPE              ; SOURCE                         ; --            ; SRAM_fangxin_LED_test ; Top        ;
; TOP_LEVEL_ENTITY                    ; SRAM_fangxin_LED_test          ; SRAM          ; --                    ; --         ;
+-------------------------------------+--------------------------------+---------------+-----------------------+------------+


+-------------------------------------------------------------------------------------------------------------------------------+
; Flow Elapsed Time                                                                                                             ;
+---------------------------+--------------+-------------------------+---------------------+------------------------------------+
; Module Name               ; Elapsed Time ; Average Processors Used ; Peak Virtual Memory ; Total CPU Time (on all processors) ;
+---------------------------+--------------+-------------------------+---------------------+------------------------------------+
; Analysis & Synthesis      ; 00:00:03     ; 1.0                     ; 262 MB              ; 00:00:03                           ;
; Fitter                    ; 00:00:07     ; 1.1                     ; 359 MB              ; 00:00:07                           ;
; Assembler                 ; 00:00:03     ; 1.0                     ; 257 MB              ; 00:00:02                           ;
; TimeQuest Timing Analyzer ; 00:00:06     ; 1.0                     ; 279 MB              ; 00:00:05                           ;
; Total                     ; 00:00:19     ; --                      ; --                  ; 00:00:17                           ;
+---------------------------+--------------+-------------------------+---------------------+------------------------------------+


+----------------------------------------------------------------------------------------+
; Flow OS Summary                                                                        ;
+---------------------------+------------------+-----------+------------+----------------+
; Module Name               ; Machine Hostname ; OS Name   ; OS Version ; Processor type ;
+---------------------------+------------------+-----------+------------+----------------+
; Analysis & Synthesis      ; kongdejing-PC    ; Windows 7 ; 6.1        ; i686           ;
; Fitter                    ; kongdejing-PC    ; Windows 7 ; 6.1        ; i686           ;
; Assembler                 ; kongdejing-PC    ; Windows 7 ; 6.1        ; i686           ;
; TimeQuest Timing Analyzer ; kongdejing-PC    ; Windows 7 ; 6.1        ; i686           ;
+---------------------------+------------------+-----------+------------+----------------+


------------
; Flow Log ;
------------
quartus_map --read_settings_files=on --write_settings_files=off SRAM -c SRAM
quartus_fit --read_settings_files=off --write_settings_files=off SRAM -c SRAM
quartus_asm --read_settings_files=off --write_settings_files=off SRAM -c SRAM
quartus_sta SRAM -c SRAM



